Using pre-set license
Built from '2021.1/release' branch; Version is '2021.1.0f1 (61a549675243) revision 6399305'; Using compiler version '192528614'; Build Type 'Release'
OS: 'Windows 10 Home Single Language; OS build 19042.631; Version 2009; 64bit' Language: 'en' Physical Memory: 4016 MB
BatchMode: 1, IsHumanControllingUs: 0, StartBugReporterOnCrash: 0, Is64bit: 1, IsPro: 0

 COMMAND LINE ARGUMENTS:
C:\Program Files\Unity\Hub\Editor\2021.1.0f1\Editor\Unity.exe
-adb2
-batchMode
-noUpm
-name
AssetImportWorker4
-projectPath
E:/Unity/Projects/StickmanConflict/Stickman Conflict
-logFile
Logs/AssetImportWorker4.log
-srvPort
60565
Successfully changed project path to: E:/Unity/Projects/StickmanConflict/Stickman Conflict
E:/Unity/Projects/StickmanConflict/Stickman Conflict
Using Asset Import Pipeline V2.
Refreshing native plugins compatible for Editor in 288.72 ms, found 2 plugins.
Preloading 0 native plugins for Editor in 0.00 ms.
Initialize engine version: 2021.1.0f1 (61a549675243)
[Subsystems] Discovering subsystems at path C:/Program Files/Unity/Hub/Editor/2021.1.0f1/Editor/Data/Resources/UnitySubsystems
[Subsystems] Discovering subsystems at path E:/Unity/Projects/StickmanConflict/Stickman Conflict/Assets
GfxDevice: creating device client; threaded=0; jobified=0
Direct3D:
    Version:  Direct3D 11.0 [level 11.1]
    Renderer: Intel(R) HD Graphics 5500 (ID=0x1616)
    Vendor:   Intel
    VRAM:     2008 MB
    Driver:   20.19.15.4364
Shader 'Universal Render Pipeline/Particles/Lit': fallback shader 'Universal Render Pipeline/Particles/SimpleLit' not found
Initialize mono
Mono path[0] = 'C:/Program Files/Unity/Hub/Editor/2021.1.0f1/Editor/Data/Managed'
Mono path[1] = 'C:/Program Files/Unity/Hub/Editor/2021.1.0f1/Editor/Data/MonoBleedingEdge/lib/mono/unityjit'
Mono config path = 'C:/Program Files/Unity/Hub/Editor/2021.1.0f1/Editor/Data/MonoBleedingEdge/etc'
Using monoOptions --debugger-agent=transport=dt_socket,embedding=1,server=y,suspend=n,address=127.0.0.1:56248
Begin MonoManager ReloadAssembly
Registering precompiled unity dll's ...
Register platform support module: C:/Program Files/Unity/Hub/Editor/2021.1.0f1/Editor/Data/PlaybackEngines/WindowsStandaloneSupport/UnityEditor.WindowsStandalone.Extensions.dll
Registered in 0.003275 seconds.
Native extension for WindowsStandalone target not found
Refreshing native plugins compatible for Editor in 246.52 ms, found 2 plugins.
Preloading 0 native plugins for Editor in 0.00 ms.
Mono: successfully reloaded assembly
- Completed reload, in  3.354 seconds
Platform modules already initialized, skipping
Registering precompiled user dll's ...
Registered in 0.005344 seconds.
Begin MonoManager ReloadAssembly
Native extension for WindowsStandalone target not found
Refreshing native plugins compatible for Editor in 240.91 ms, found 2 plugins.
Preloading 0 native plugins for Editor in 0.00 ms.
Mono: successfully reloaded assembly
- Completed reload, in  3.022 seconds
Platform modules already initialized, skipping
========================================================================
Worker process is ready to serve import requests
Shader 'Universal Render Pipeline/Particles/Lit': fallback shader 'Universal Render Pipeline/Particles/SimpleLit' not found
Launched and connected shader compiler UnityShaderCompiler.exe after 0.25 seconds
Refreshing native plugins compatible for Editor in 1.38 ms, found 2 plugins.
Preloading 0 native plugins for Editor in 0.00 ms.
Unloading 4702 Unused Serialized files (Serialized files now loaded: 0)
System memory in use before: 197.0 MB.
System memory in use after: 197.2 MB.

Unloading 25 unused Assets to reduce memory usage. Loaded Objects now: 5180.
Total: 5.355700 ms (FindLiveObjects: 0.491500 ms CreateObjectMapping: 0.370700 ms MarkObjects: 4.360600 ms  DeleteObjects: 0.131100 ms)

========================================================================
Received Import Request.
  path: Assets/prefab/StickTheMAn.prefab
  artifactKey: Guid(568e1f31f112d6240b01509710e4d21f) Importer(815301076,1909f56bfc062723c751e8b465ee728b)
Start importing Assets/prefab/StickTheMAn.prefab using Guid(568e1f31f112d6240b01509710e4d21f) Importer(815301076,1909f56bfc062723c751e8b465ee728b)  -> (artifact id: 'bacf754f355c759b9bb477c5ae8622b0') in 0.700770 seconds 
========================================================================
Received Import Request.
  Time since last request: 0.000698 seconds.
  path: Assets/prefab/sword_r.prefab
  artifactKey: Guid(145d375089f201245ab3140e2904c102) Importer(815301076,1909f56bfc062723c751e8b465ee728b)
Start importing Assets/prefab/sword_r.prefab using Guid(145d375089f201245ab3140e2904c102) Importer(815301076,1909f56bfc062723c751e8b465ee728b)  -> (artifact id: 'd9b4a4347c2a17891b11454414cbb18d') in 0.047442 seconds 
========================================================================
Received Import Request.
  Time since last request: 0.000391 seconds.
  path: Assets/prefab/sword.prefab
  artifactKey: Guid(087783bb24e9b5d40a7c827d99c5d55b) Importer(815301076,1909f56bfc062723c751e8b465ee728b)
Start importing Assets/prefab/sword.prefab using Guid(087783bb24e9b5d40a7c827d99c5d55b) Importer(815301076,1909f56bfc062723c751e8b465ee728b)  -> (artifact id: '3e39c32ea96af264a934f97d24392436') in 0.021203 seconds 
========================================================================
Received Import Request.
  Time since last request: 0.000447 seconds.
  path: Assets/prefab
  artifactKey: Guid(cea48e2f67349ae4f85f99516e6d518f) Importer(815301076,1909f56bfc062723c751e8b465ee728b)
Start importing Assets/prefab using Guid(cea48e2f67349ae4f85f99516e6d518f) Importer(815301076,1909f56bfc062723c751e8b465ee728b)  -> (artifact id: '5762173987cfa51742a21a55b2efb7f3') in 0.021171 seconds 
========================================================================
Received Import Request.
  Time since last request: 0.000348 seconds.
  path: Assets/ScriptsMy
  artifactKey: Guid(3fae6932628879d479658f0f71c4d9d0) Importer(815301076,1909f56bfc062723c751e8b465ee728b)
Start importing Assets/ScriptsMy using Guid(3fae6932628879d479658f0f71c4d9d0) Importer(815301076,1909f56bfc062723c751e8b465ee728b)  -> (artifact id: '9714e5e2f6b2ddc9b8d6f2eb79fc7c1a') in 0.035863 seconds 
========================================================================
Received Import Request.
  Time since last request: 0.000924 seconds.
  path: Assets/m.physicsMaterial2D
  artifactKey: Guid(1aaaf2fdc399e894c9df1884bde66e01) Importer(815301076,1909f56bfc062723c751e8b465ee728b)
Start importing Assets/m.physicsMaterial2D using Guid(1aaaf2fdc399e894c9df1884bde66e01) Importer(815301076,1909f56bfc062723c751e8b465ee728b)  -> (artifact id: 'd0062285ff5a7130e8f9981c444e9763') in 0.024096 seconds 
========================================================================
Received Import Request.
  Time since last request: 0.000367 seconds.
  path: Assets/Foot.physicsMaterial2D
  artifactKey: Guid(47de04e997e30504faa5d64a5769a646) Importer(815301076,1909f56bfc062723c751e8b465ee728b)
Start importing Assets/Foot.physicsMaterial2D using Guid(47de04e997e30504faa5d64a5769a646) Importer(815301076,1909f56bfc062723c751e8b465ee728b)  -> (artifact id: 'f0c20555fd3c3c926b7d1faa3c5dfd36') in 0.021665 seconds 
========================================================================
Received Import Request.
  Time since last request: 0.000373 seconds.
  path: Assets/prefab/Body_armour.prefab
  artifactKey: Guid(52d76e8361fedc444b776efbc1a654f5) Importer(815301076,1909f56bfc062723c751e8b465ee728b)
Start importing Assets/prefab/Body_armour.prefab using Guid(52d76e8361fedc444b776efbc1a654f5) Importer(815301076,1909f56bfc062723c751e8b465ee728b)  -> (artifact id: '3dcad80730c74ac86319946d1984392d') in 0.038246 seconds 
========================================================================
Received Import Request.
  Time since last request: 6.717688 seconds.
  path: Assets/PrefabMy
  artifactKey: Guid(6868cd9abf096e647b82f1b7186de8ea) Importer(815301076,1909f56bfc062723c751e8b465ee728b)
Start importing Assets/PrefabMy using Guid(6868cd9abf096e647b82f1b7186de8ea) Importer(815301076,1909f56bfc062723c751e8b465ee728b)  -> (artifact id: 'e4c2f52acff352390968e41957438652') in 0.012650 seconds 
========================================================================
Received Import Request.
  Time since last request: 11.095692 seconds.
  path: Assets/Scripts
  artifactKey: Guid(de57954b79567ec46bbbcd9decad70ff) Importer(815301076,1909f56bfc062723c751e8b465ee728b)
Start importing Assets/Scripts using Guid(de57954b79567ec46bbbcd9decad70ff) Importer(815301076,1909f56bfc062723c751e8b465ee728b)  -> (artifact id: '92bf0aab9a227c031470d0ca4939336e') in 0.044728 seconds 
========================================================================
Received Import Request.
  Time since last request: 1.716365 seconds.
  path: Assets/Scripts/Improted
  artifactKey: Guid(e003704f0956f3c48a8feb4ac70c9076) Importer(815301076,1909f56bfc062723c751e8b465ee728b)
Start importing Assets/Scripts/Improted using Guid(e003704f0956f3c48a8feb4ac70c9076) Importer(815301076,1909f56bfc062723c751e8b465ee728b)  -> (artifact id: 'cfcef8f77a451b777ff49f8b29e75a40') in 0.011911 seconds 
========================================================================
Received Prepare
Registering precompiled user dll's ...
Registered in 0.095825 seconds.
Begin MonoManager ReloadAssembly
Native extension for WindowsStandalone target not found
Refreshing native plugins compatible for Editor in 1.57 ms, found 2 plugins.
Preloading 0 native plugins for Editor in 0.00 ms.
Mono: successfully reloaded assembly
- Completed reload, in  5.765 seconds
Platform modules already initialized, skipping
Switching build target platform(19) subTarget(0) extendedPlatform(0) -> platform(13) subTarget(537395200) extendedPlatform(0)
Shader 'Universal Render Pipeline/Particles/Lit': fallback shader 'Universal Render Pipeline/Particles/SimpleLit' not found
Refreshing native plugins compatible for Editor in 2.36 ms, found 2 plugins.
Preloading 0 native plugins for Editor in 0.00 ms.
Unloading 4609 Unused Serialized files (Serialized files now loaded: 0)
System memory in use before: 195.6 MB.
System memory in use after: 195.8 MB.

Unloading 13 unused Assets to reduce memory usage. Loaded Objects now: 5231.
Total: 5.367700 ms (FindLiveObjects: 0.492500 ms CreateObjectMapping: 0.388900 ms MarkObjects: 4.450400 ms  DeleteObjects: 0.033500 ms)

AssetImportParameters requested are different than current active one (requested -> active):
  custom:graphics/normal-map-encoding: 01000000000000000000000000000000 -> 02000000000000000000000000000000
========================================================================
Received Prepare
Registering precompiled user dll's ...
Registered in 0.034126 seconds.
Begin MonoManager ReloadAssembly
Native extension for WindowsStandalone target not found
Refreshing native plugins compatible for Editor in 1.80 ms, found 2 plugins.
Preloading 0 native plugins for Editor in 0.00 ms.
Mono: successfully reloaded assembly
- Completed reload, in  3.028 seconds
Platform modules already initialized, skipping
Switching build target platform(19) subTarget(0) extendedPlatform(0) -> platform(13) subTarget(537395200) extendedPlatform(0)
Shader 'Universal Render Pipeline/Particles/Lit': fallback shader 'Universal Render Pipeline/Particles/SimpleLit' not found
Refreshing native plugins compatible for Editor in 1.96 ms, found 2 plugins.
Preloading 0 native plugins for Editor in 0.00 ms.
Unloading 4609 Unused Serialized files (Serialized files now loaded: 0)
System memory in use before: 195.6 MB.
System memory in use after: 195.9 MB.

Unloading 13 unused Assets to reduce memory usage. Loaded Objects now: 5235.
Total: 5.327800 ms (FindLiveObjects: 0.563500 ms CreateObjectMapping: 0.372000 ms MarkObjects: 4.350400 ms  DeleteObjects: 0.040000 ms)

AssetImportParameters requested are different than current active one (requested -> active):
  custom:graphics/normal-map-encoding: 01000000000000000000000000000000 -> 02000000000000000000000000000000
========================================================================
Received Prepare
Registering precompiled user dll's ...
Registered in 0.005248 seconds.
Begin MonoManager ReloadAssembly
Native extension for WindowsStandalone target not found
Refreshing native plugins compatible for Editor in 1.38 ms, found 2 plugins.
Preloading 0 native plugins for Editor in 0.00 ms.
Mono: successfully reloaded assembly
- Completed reload, in  2.530 seconds
Platform modules already initialized, skipping
Switching build target platform(19) subTarget(0) extendedPlatform(0) -> platform(13) subTarget(537395200) extendedPlatform(0)
Shader 'Universal Render Pipeline/Particles/Lit': fallback shader 'Universal Render Pipeline/Particles/SimpleLit' not found
Refreshing native plugins compatible for Editor in 2.53 ms, found 2 plugins.
Preloading 0 native plugins for Editor in 0.00 ms.
Unloading 4609 Unused Serialized files (Serialized files now loaded: 0)
System memory in use before: 195.6 MB.
System memory in use after: 195.9 MB.

Unloading 13 unused Assets to reduce memory usage. Loaded Objects now: 5239.
Total: 6.331600 ms (FindLiveObjects: 0.886000 ms CreateObjectMapping: 0.808600 ms MarkObjects: 4.599700 ms  DeleteObjects: 0.034800 ms)

AssetImportParameters requested are different than current active one (requested -> active):
  custom:graphics/normal-map-encoding: 01000000000000000000000000000000 -> 02000000000000000000000000000000
========================================================================
Received Import Request.
  Time since last request: 382.259956 seconds.
  path: Assets/T2.unity
  artifactKey: Guid(8f74856c9d3d52d4daa69e3899a3f09e) Importer(815301076,1909f56bfc062723c751e8b465ee728b)
Start importing Assets/T2.unity using Guid(8f74856c9d3d52d4daa69e3899a3f09e) Importer(815301076,1909f56bfc062723c751e8b465ee728b)  -> (artifact id: '70deff65027fc8535a58afc97804bc0e') in 0.239591 seconds 
========================================================================
Received Prepare
Registering precompiled user dll's ...
Registered in 0.005575 seconds.
Begin MonoManager ReloadAssembly
Native extension for WindowsStandalone target not found
Refreshing native plugins compatible for Editor in 1.38 ms, found 2 plugins.
Preloading 0 native plugins for Editor in 0.00 ms.
Mono: successfully reloaded assembly
- Completed reload, in  2.248 seconds
Platform modules already initialized, skipping
Switching build target platform(19) subTarget(0) extendedPlatform(0) -> platform(13) subTarget(537395200) extendedPlatform(0)
Shader 'Universal Render Pipeline/Particles/Lit': fallback shader 'Universal Render Pipeline/Particles/SimpleLit' not found
Refreshing native plugins compatible for Editor in 2.20 ms, found 2 plugins.
Preloading 0 native plugins for Editor in 0.00 ms.
Unloading 4609 Unused Serialized files (Serialized files now loaded: 0)
System memory in use before: 195.7 MB.
System memory in use after: 195.9 MB.

Unloading 13 unused Assets to reduce memory usage. Loaded Objects now: 5243.
Total: 5.427600 ms (FindLiveObjects: 0.555200 ms CreateObjectMapping: 0.517600 ms MarkObjects: 4.323200 ms  DeleteObjects: 0.029600 ms)

AssetImportParameters requested are different than current active one (requested -> active):
  custom:graphics/normal-map-encoding: 01000000000000000000000000000000 -> 02000000000000000000000000000000
========================================================================
Received Import Request.
  Time since last request: 27.017536 seconds.
  path: Assets/models
  artifactKey: Guid(402c2e80c95752f448c3a92f71466e5a) Importer(815301076,1909f56bfc062723c751e8b465ee728b)
Start importing Assets/models using Guid(402c2e80c95752f448c3a92f71466e5a) Importer(815301076,1909f56bfc062723c751e8b465ee728b)  -> (artifact id: '9089157ecb3e37993ba2a93e68cc8b5c') in 0.053442 seconds 
========================================================================
Received Import Request.
  Time since last request: 0.000381 seconds.
  path: Assets/models/Body_armour.png
  artifactKey: Guid(56adcd15ff7b29c41a6477ade1ba4375) Importer(815301076,1909f56bfc062723c751e8b465ee728b)
Start importing Assets/models/Body_armour.png using Guid(56adcd15ff7b29c41a6477ade1ba4375) Importer(815301076,1909f56bfc062723c751e8b465ee728b)  -> (artifact id: 'fe71d1cc7feb199298868f273e79a176') in 0.649819 seconds 
========================================================================
Received Import Request.
  Time since last request: 0.000386 seconds.
  path: Assets/models/sword.png
  artifactKey: Guid(da999736565f199498c455c2545749c1) Importer(815301076,1909f56bfc062723c751e8b465ee728b)
Start importing Assets/models/sword.png using Guid(da999736565f199498c455c2545749c1) Importer(815301076,1909f56bfc062723c751e8b465ee728b)  -> (artifact id: '89514e55b521e0d0ebb5ef7b9bc24a0e') in 0.083489 seconds 
========================================================================
Received Import Request.
  Time since last request: 0.000393 seconds.
  path: Assets/models/stickman_improved_pdf.psb
  artifactKey: Guid(6ab1bde68651f63468c2e3859ae11d63) Importer(815301076,1909f56bfc062723c751e8b465ee728b)
Start importing Assets/models/stickman_improved_pdf.psb using Guid(6ab1bde68651f63468c2e3859ae11d63) Importer(815301076,1909f56bfc062723c751e8b465ee728b)  -> (artifact id: 'b307fdb1f32b61831bb921d52e52de5b') in 0.669677 seconds 
========================================================================
Received Import Request.
  Time since last request: 1.447258 seconds.
  path: Assets/models/Stickman_improved_sprites
  artifactKey: Guid(d57e6ad4f496da04c83473bf0fa7b5ca) Importer(815301076,1909f56bfc062723c751e8b465ee728b)
Start importing Assets/models/Stickman_improved_sprites using Guid(d57e6ad4f496da04c83473bf0fa7b5ca) Importer(815301076,1909f56bfc062723c751e8b465ee728b)  -> (artifact id: '015460b06ea2af6c6005fe6337bc2ead') in 0.030061 seconds 
========================================================================
Received Import Request.
  Time since last request: 0.000418 seconds.
  path: Assets/models/Stickman_improved_sprites/arm.png
  artifactKey: Guid(4afb7d249fde1ad43a0f09316596643e) Importer(815301076,1909f56bfc062723c751e8b465ee728b)
Start importing Assets/models/Stickman_improved_sprites/arm.png using Guid(4afb7d249fde1ad43a0f09316596643e) Importer(815301076,1909f56bfc062723c751e8b465ee728b)  -> (artifact id: '2a505a6d8afa560d3f2c9c3d051d7710') in 0.102735 seconds 
========================================================================
Received Import Request.
  Time since last request: 0.000390 seconds.
  path: Assets/models/Stickman_improved_sprites/s_0003_Layer-1.png
  artifactKey: Guid(7b100f6f456475042a5c5673b30a4b42) Importer(815301076,1909f56bfc062723c751e8b465ee728b)
Start importing Assets/models/Stickman_improved_sprites/s_0003_Layer-1.png using Guid(7b100f6f456475042a5c5673b30a4b42) Importer(815301076,1909f56bfc062723c751e8b465ee728b)  -> (artifact id: '8dbac05297e443a02871b39994f3a4cd') in 0.164352 seconds 
========================================================================
Received Import Request.
  Time since last request: 0.000543 seconds.
  path: Assets/models/Stickman_improved_sprites/head.png
  artifactKey: Guid(572e43601ebe0214f9196205b6034113) Importer(815301076,1909f56bfc062723c751e8b465ee728b)
Start importing Assets/models/Stickman_improved_sprites/head.png using Guid(572e43601ebe0214f9196205b6034113) Importer(815301076,1909f56bfc062723c751e8b465ee728b)  -> (artifact id: 'cd4d9872557dca835bcb1c10a2b10f6c') in 0.101511 seconds 
========================================================================
Received Import Request.
  Time since last request: 0.000377 seconds.
  path: Assets/models/Stickman_improved_sprites/pivot.png
  artifactKey: Guid(3244143beea6ffb4fb9006f608667730) Importer(815301076,1909f56bfc062723c751e8b465ee728b)
Start importing Assets/models/Stickman_improved_sprites/pivot.png using Guid(3244143beea6ffb4fb9006f608667730) Importer(815301076,1909f56bfc062723c751e8b465ee728b)  -> (artifact id: '0c78ec140935b41d6609490f5634a38c') in 0.153948 seconds 
========================================================================
Received Import Request.
  Time since last request: 0.000375 seconds.
  path: Assets/models/Stickman_improved_sprites/arm_upper.png
  artifactKey: Guid(31335ee8c8e00e845b3bb12f843243a5) Importer(815301076,1909f56bfc062723c751e8b465ee728b)
Start importing Assets/models/Stickman_improved_sprites/arm_upper.png using Guid(31335ee8c8e00e845b3bb12f843243a5) Importer(815301076,1909f56bfc062723c751e8b465ee728b)  -> (artifact id: 'b150d73f3d5736a1287c4c228f5b18b3') in 0.052244 seconds 
========================================================================
Received Import Request.
  Time since last request: 4.626876 seconds.
  path: Assets/Scenes/Game.unity
  artifactKey: Guid(f5458ca57f825bc4b8aea8e18bb169a3) Importer(815301076,1909f56bfc062723c751e8b465ee728b)
Start importing Assets/Scenes/Game.unity using Guid(f5458ca57f825bc4b8aea8e18bb169a3) Importer(815301076,1909f56bfc062723c751e8b465ee728b)  -> (artifact id: '5358c08e31ca876b73d98e476a002722') in 0.044809 seconds 
========================================================================
Received Prepare
Registering precompiled user dll's ...
Registered in 0.007772 seconds.
Begin MonoManager ReloadAssembly
Native extension for WindowsStandalone target not found
Refreshing native plugins compatible for Editor in 1.29 ms, found 2 plugins.
Preloading 0 native plugins for Editor in 0.00 ms.
Mono: successfully reloaded assembly
- Completed reload, in  2.881 seconds
Platform modules already initialized, skipping
Switching build target platform(19) subTarget(0) extendedPlatform(0) -> platform(13) subTarget(537395200) extendedPlatform(0)
Shader 'Universal Render Pipeline/Particles/Lit': fallback shader 'Universal Render Pipeline/Particles/SimpleLit' not found
Refreshing native plugins compatible for Editor in 2.22 ms, found 2 plugins.
Preloading 0 native plugins for Editor in 0.00 ms.
Unloading 4617 Unused Serialized files (Serialized files now loaded: 0)
System memory in use before: 199.7 MB.
System memory in use after: 199.9 MB.

Unloading 13 unused Assets to reduce memory usage. Loaded Objects now: 5423.
Total: 7.068800 ms (FindLiveObjects: 0.875600 ms CreateObjectMapping: 1.062900 ms MarkObjects: 5.093300 ms  DeleteObjects: 0.034600 ms)

AssetImportParameters requested are different than current active one (requested -> active):
  custom:graphics/normal-map-encoding: 01000000000000000000000000000000 -> 02000000000000000000000000000000
========================================================================
Received Prepare
Registering precompiled user dll's ...
Registered in 0.056762 seconds.
Begin MonoManager ReloadAssembly
Native extension for WindowsStandalone target not found
Refreshing native plugins compatible for Editor in 1.66 ms, found 2 plugins.
Preloading 0 native plugins for Editor in 0.00 ms.
Mono: successfully reloaded assembly
- Completed reload, in  2.259 seconds
Platform modules already initialized, skipping
Switching build target platform(19) subTarget(0) extendedPlatform(0) -> platform(13) subTarget(537395200) extendedPlatform(0)
Shader 'Universal Render Pipeline/Particles/Lit': fallback shader 'Universal Render Pipeline/Particles/SimpleLit' not found
Refreshing native plugins compatible for Editor in 4.43 ms, found 2 plugins.
Preloading 0 native plugins for Editor in 0.00 ms.
Unloading 4599 Unused Serialized files (Serialized files now loaded: 0)
System memory in use before: 199.3 MB.
System memory in use after: 199.6 MB.

Unloading 23 unused Assets to reduce memory usage. Loaded Objects now: 5417.
Total: 5.718500 ms (FindLiveObjects: 0.861400 ms CreateObjectMapping: 0.668700 ms MarkObjects: 4.117800 ms  DeleteObjects: 0.065100 ms)

AssetImportParameters requested are different than current active one (requested -> active):
  custom:graphics/normal-map-encoding: 01000000000000000000000000000000 -> 02000000000000000000000000000000
========================================================================
Received Prepare
Registering precompiled user dll's ...
Registered in 0.006171 seconds.
Begin MonoManager ReloadAssembly
Native extension for WindowsStandalone target not found
Refreshing native plugins compatible for Editor in 1.31 ms, found 2 plugins.
Preloading 0 native plugins for Editor in 0.00 ms.
Mono: successfully reloaded assembly
- Completed reload, in  2.264 seconds
Platform modules already initialized, skipping
Switching build target platform(19) subTarget(0) extendedPlatform(0) -> platform(13) subTarget(537395200) extendedPlatform(0)
Shader 'Universal Render Pipeline/Particles/Lit': fallback shader 'Universal Render Pipeline/Particles/SimpleLit' not found
Refreshing native plugins compatible for Editor in 2.38 ms, found 2 plugins.
Preloading 0 native plugins for Editor in 0.00 ms.
Unloading 4599 Unused Serialized files (Serialized files now loaded: 0)
System memory in use before: 199.3 MB.
System memory in use after: 199.6 MB.

Unloading 13 unused Assets to reduce memory usage. Loaded Objects now: 5421.
Total: 5.260600 ms (FindLiveObjects: 0.553000 ms CreateObjectMapping: 0.394000 ms MarkObjects: 4.279400 ms  DeleteObjects: 0.032400 ms)

AssetImportParameters requested are different than current active one (requested -> active):
  custom:graphics/normal-map-encoding: 01000000000000000000000000000000 -> 02000000000000000000000000000000
========================================================================
Received Prepare
Registering precompiled user dll's ...
Registered in 0.033557 seconds.
Begin MonoManager ReloadAssembly
Native extension for WindowsStandalone target not found
Refreshing native plugins compatible for Editor in 3.75 ms, found 2 plugins.
Preloading 0 native plugins for Editor in 0.00 ms.
Mono: successfully reloaded assembly
- Completed reload, in  3.163 seconds
Platform modules already initialized, skipping
Switching build target platform(19) subTarget(0) extendedPlatform(0) -> platform(13) subTarget(537395200) extendedPlatform(0)
Shader 'Universal Render Pipeline/Particles/Lit': fallback shader 'Universal Render Pipeline/Particles/SimpleLit' not found
Refreshing native plugins compatible for Editor in 2.30 ms, found 2 plugins.
Preloading 0 native plugins for Editor in 0.00 ms.
Unloading 4630 Unused Serialized files (Serialized files now loaded: 0)
System memory in use before: 200.1 MB.
System memory in use after: 200.4 MB.

Unloading 13 unused Assets to reduce memory usage. Loaded Objects now: 5456.
Total: 6.203100 ms (FindLiveObjects: 0.724700 ms CreateObjectMapping: 0.596000 ms MarkObjects: 4.842900 ms  DeleteObjects: 0.037600 ms)

AssetImportParameters requested are different than current active one (requested -> active):
  custom:graphics/normal-map-encoding: 01000000000000000000000000000000 -> 02000000000000000000000000000000
========================================================================
Received Import Request.
  Time since last request: 431.884007 seconds.
  path: Assets/Assets/Assets/prefab/Body_armour.prefab
  artifactKey: Guid(52d76e8361fedc444b776efbc1a654f5) Importer(815301076,1909f56bfc062723c751e8b465ee728b)
Start importing Assets/Assets/Assets/prefab/Body_armour.prefab using Guid(52d76e8361fedc444b776efbc1a654f5) Importer(815301076,1909f56bfc062723c751e8b465ee728b)  -> (artifact id: '536b234034964fcc8aec6f2bc365539e') in 0.428688 seconds 
========================================================================
Received Import Request.
  Time since last request: 0.000438 seconds.
  path: Assets/Assets/Assets/prefab/SNormal.prefab
  artifactKey: Guid(a7478481369438844b1c8432f37a9f1b) Importer(815301076,1909f56bfc062723c751e8b465ee728b)
Start importing Assets/Assets/Assets/prefab/SNormal.prefab using Guid(a7478481369438844b1c8432f37a9f1b) Importer(815301076,1909f56bfc062723c751e8b465ee728b)  -> (artifact id: 'ec71c7cc1b5a898039ded1ca02dfefef') in 0.245997 seconds 
========================================================================
Received Import Request.
  Time since last request: 0.000489 seconds.
  path: Assets/Assets/Assets/prefab/StickTheMAn.prefab
  artifactKey: Guid(568e1f31f112d6240b01509710e4d21f) Importer(815301076,1909f56bfc062723c751e8b465ee728b)
Start importing Assets/Assets/Assets/prefab/StickTheMAn.prefab using Guid(568e1f31f112d6240b01509710e4d21f) Importer(815301076,1909f56bfc062723c751e8b465ee728b)  -> (artifact id: '15b4c960c6d7ed04648c7c306f779645') in 0.114132 seconds 
========================================================================
Received Import Request.
  Time since last request: 0.000500 seconds.
  path: Assets/Assets/Assets/prefab/sword_r.prefab
  artifactKey: Guid(145d375089f201245ab3140e2904c102) Importer(815301076,1909f56bfc062723c751e8b465ee728b)
Start importing Assets/Assets/Assets/prefab/sword_r.prefab using Guid(145d375089f201245ab3140e2904c102) Importer(815301076,1909f56bfc062723c751e8b465ee728b)  -> (artifact id: '3a9b966433290c81a4eac1cdc0c04243') in 0.121545 seconds 
========================================================================
Received Import Request.
  Time since last request: 0.000531 seconds.
  path: Assets/Assets/Assets/prefab/sword.prefab
  artifactKey: Guid(087783bb24e9b5d40a7c827d99c5d55b) Importer(815301076,1909f56bfc062723c751e8b465ee728b)
Start importing Assets/Assets/Assets/prefab/sword.prefab using Guid(087783bb24e9b5d40a7c827d99c5d55b) Importer(815301076,1909f56bfc062723c751e8b465ee728b)  -> (artifact id: '745cf039750efb12d998da5168f7afaa') in 0.098007 seconds 
========================================================================
Received Import Request.
  Time since last request: 0.001832 seconds.
  path: Assets/Assets/Assets/prefab/gStickTheMAn.prefab
  artifactKey: Guid(ff694537cff33954fbf94f0d661a32b1) Importer(815301076,1909f56bfc062723c751e8b465ee728b)
Start importing Assets/Assets/Assets/prefab/gStickTheMAn.prefab using Guid(ff694537cff33954fbf94f0d661a32b1) Importer(815301076,1909f56bfc062723c751e8b465ee728b)  -> (artifact id: 'd36af8cd6b1e82ea7cf2d27588081a6c') in 0.153744 seconds 
========================================================================
Received Import Request.
  Time since last request: 0.000425 seconds.
  path: Assets/Assets/Assets/prefab/StickmanAnimated.prefab
  artifactKey: Guid(29fff1ec1c87d9540ae6f8ac30b9aa7e) Importer(815301076,1909f56bfc062723c751e8b465ee728b)
Start importing Assets/Assets/Assets/prefab/StickmanAnimated.prefab using Guid(29fff1ec1c87d9540ae6f8ac30b9aa7e) Importer(815301076,1909f56bfc062723c751e8b465ee728b)  -> (artifact id: '76dccca3672ad2aaca61ed2cc08bce26') in 0.221602 seconds 
========================================================================
Received Prepare
Registering precompiled user dll's ...
Registered in 0.005745 seconds.
Begin MonoManager ReloadAssembly
Native extension for WindowsStandalone target not found
Refreshing native plugins compatible for Editor in 1.43 ms, found 2 plugins.
Preloading 0 native plugins for Editor in 0.00 ms.
Mono: successfully reloaded assembly
- Completed reload, in  2.581 seconds
Platform modules already initialized, skipping
Switching build target platform(19) subTarget(0) extendedPlatform(0) -> platform(13) subTarget(537395200) extendedPlatform(0)
Shader 'Universal Render Pipeline/Particles/Lit': fallback shader 'Universal Render Pipeline/Particles/SimpleLit' not found
Refreshing native plugins compatible for Editor in 1.84 ms, found 2 plugins.
Preloading 0 native plugins for Editor in 0.00 ms.
Unloading 4630 Unused Serialized files (Serialized files now loaded: 0)
System memory in use before: 200.3 MB.
System memory in use after: 200.6 MB.

Unloading 13 unused Assets to reduce memory usage. Loaded Objects now: 5498.
Total: 7.169100 ms (FindLiveObjects: 1.090500 ms CreateObjectMapping: 0.708300 ms MarkObjects: 5.325100 ms  DeleteObjects: 0.041900 ms)

AssetImportParameters requested are different than current active one (requested -> active):
  custom:graphics/normal-map-encoding: 01000000000000000000000000000000 -> 02000000000000000000000000000000
========================================================================
Received Prepare
Registering precompiled user dll's ...
Registered in 0.005582 seconds.
Begin MonoManager ReloadAssembly
Native extension for WindowsStandalone target not found
Refreshing native plugins compatible for Editor in 2.42 ms, found 2 plugins.
Preloading 0 native plugins for Editor in 0.00 ms.
Mono: successfully reloaded assembly
- Completed reload, in  2.475 seconds
Platform modules already initialized, skipping
Switching build target platform(19) subTarget(0) extendedPlatform(0) -> platform(13) subTarget(537395200) extendedPlatform(0)
Shader 'Universal Render Pipeline/Particles/Lit': fallback shader 'Universal Render Pipeline/Particles/SimpleLit' not found
Refreshing native plugins compatible for Editor in 2.65 ms, found 2 plugins.
Preloading 0 native plugins for Editor in 0.00 ms.
Unloading 4630 Unused Serialized files (Serialized files now loaded: 0)
System memory in use before: 200.4 MB.
System memory in use after: 200.8 MB.

Unloading 13 unused Assets to reduce memory usage. Loaded Objects now: 5502.
Total: 5.669000 ms (FindLiveObjects: 0.629400 ms CreateObjectMapping: 0.514400 ms MarkObjects: 4.483300 ms  DeleteObjects: 0.039700 ms)

AssetImportParameters requested are different than current active one (requested -> active):
  custom:graphics/normal-map-encoding: 01000000000000000000000000000000 -> 02000000000000000000000000000000
========================================================================
Received Prepare
Registering precompiled user dll's ...
Registered in 0.007408 seconds.
Begin MonoManager ReloadAssembly
Native extension for WindowsStandalone target not found
Refreshing native plugins compatible for Editor in 1.52 ms, found 2 plugins.
Preloading 0 native plugins for Editor in 0.00 ms.
Mono: successfully reloaded assembly
- Completed reload, in  2.590 seconds
Platform modules already initialized, skipping
Switching build target platform(19) subTarget(0) extendedPlatform(0) -> platform(13) subTarget(537395200) extendedPlatform(0)
Shader 'Universal Render Pipeline/Particles/Lit': fallback shader 'Universal Render Pipeline/Particles/SimpleLit' not found
Refreshing native plugins compatible for Editor in 2.35 ms, found 2 plugins.
Preloading 0 native plugins for Editor in 0.00 ms.
Unloading 4630 Unused Serialized files (Serialized files now loaded: 0)
System memory in use before: 200.3 MB.
System memory in use after: 200.7 MB.

Unloading 13 unused Assets to reduce memory usage. Loaded Objects now: 5506.
Total: 6.745600 ms (FindLiveObjects: 1.141200 ms CreateObjectMapping: 0.705700 ms MarkObjects: 4.852600 ms  DeleteObjects: 0.044200 ms)

AssetImportParameters requested are different than current active one (requested -> active):
  custom:graphics/normal-map-encoding: 01000000000000000000000000000000 -> 02000000000000000000000000000000
========================================================================
Received Prepare
Registering precompiled user dll's ...
Registered in 0.008332 seconds.
Begin MonoManager ReloadAssembly
Native extension for WindowsStandalone target not found
Refreshing native plugins compatible for Editor in 2.22 ms, found 2 plugins.
Preloading 0 native plugins for Editor in 0.00 ms.
Mono: successfully reloaded assembly
- Completed reload, in  2.488 seconds
Platform modules already initialized, skipping
Switching build target platform(19) subTarget(0) extendedPlatform(0) -> platform(13) subTarget(537395200) extendedPlatform(0)
Shader 'Universal Render Pipeline/Particles/Lit': fallback shader 'Universal Render Pipeline/Particles/SimpleLit' not found
Refreshing native plugins compatible for Editor in 2.33 ms, found 2 plugins.
Preloading 0 native plugins for Editor in 0.00 ms.
Unloading 4630 Unused Serialized files (Serialized files now loaded: 0)
System memory in use before: 200.5 MB.
System memory in use after: 200.9 MB.

Unloading 13 unused Assets to reduce memory usage. Loaded Objects now: 5510.
Total: 8.565100 ms (FindLiveObjects: 1.164800 ms CreateObjectMapping: 0.731900 ms MarkObjects: 6.618400 ms  DeleteObjects: 0.046800 ms)

AssetImportParameters requested are different than current active one (requested -> active):
  custom:graphics/normal-map-encoding: 01000000000000000000000000000000 -> 02000000000000000000000000000000
========================================================================
Received Prepare
Registering precompiled user dll's ...
Registered in 0.005885 seconds.
Begin MonoManager ReloadAssembly
Native extension for WindowsStandalone target not found
Refreshing native plugins compatible for Editor in 1.51 ms, found 2 plugins.
Preloading 0 native plugins for Editor in 0.00 ms.
Mono: successfully reloaded assembly
- Completed reload, in  2.562 seconds
Platform modules already initialized, skipping
Switching build target platform(19) subTarget(0) extendedPlatform(0) -> platform(13) subTarget(537395200) extendedPlatform(0)
Shader 'Universal Render Pipeline/Particles/Lit': fallback shader 'Universal Render Pipeline/Particles/SimpleLit' not found
Refreshing native plugins compatible for Editor in 2.89 ms, found 2 plugins.
Preloading 0 native plugins for Editor in 0.00 ms.
Unloading 4630 Unused Serialized files (Serialized files now loaded: 0)
System memory in use before: 200.5 MB.
System memory in use after: 201.0 MB.

Unloading 13 unused Assets to reduce memory usage. Loaded Objects now: 5514.
Total: 7.359300 ms (FindLiveObjects: 0.800700 ms CreateObjectMapping: 0.680000 ms MarkObjects: 5.832700 ms  DeleteObjects: 0.042700 ms)

AssetImportParameters requested are different than current active one (requested -> active):
  custom:graphics/normal-map-encoding: 01000000000000000000000000000000 -> 02000000000000000000000000000000
========================================================================
Received Import Request.
  Time since last request: 647.774535 seconds.
  path: Assets/Assets/Assets/prefab
  artifactKey: Guid(cea48e2f67349ae4f85f99516e6d518f) Importer(815301076,1909f56bfc062723c751e8b465ee728b)
Start importing Assets/Assets/Assets/prefab using Guid(cea48e2f67349ae4f85f99516e6d518f) Importer(815301076,1909f56bfc062723c751e8b465ee728b)  -> (artifact id: 'a251459296d9c4445f6d446479d761c3') in 0.028923 seconds 
========================================================================
Received Import Request.
  Time since last request: 0.000437 seconds.
  path: Assets/Assets/Assets/m.physicsMaterial2D
  artifactKey: Guid(1aaaf2fdc399e894c9df1884bde66e01) Importer(815301076,1909f56bfc062723c751e8b465ee728b)
Start importing Assets/Assets/Assets/m.physicsMaterial2D using Guid(1aaaf2fdc399e894c9df1884bde66e01) Importer(815301076,1909f56bfc062723c751e8b465ee728b)  -> (artifact id: '1d95746f65c39ef1476ad2f3df83df84') in 0.036666 seconds 
========================================================================
Received Import Request.
  Time since last request: 0.000439 seconds.
  path: Assets/Assets/Assets/Foot.physicsMaterial2D
  artifactKey: Guid(47de04e997e30504faa5d64a5769a646) Importer(815301076,1909f56bfc062723c751e8b465ee728b)
Start importing Assets/Assets/Assets/Foot.physicsMaterial2D using Guid(47de04e997e30504faa5d64a5769a646) Importer(815301076,1909f56bfc062723c751e8b465ee728b)  -> (artifact id: '8e6a097bed8333c3685e251267ddb581') in 0.005446 seconds 
========================================================================
Received Import Request.
  Time since last request: 0.000435 seconds.
  path: Assets/Assets/Assets
  artifactKey: Guid(dee5a3dfc2c594940b2d6e097207cb10) Importer(815301076,1909f56bfc062723c751e8b465ee728b)
Start importing Assets/Assets/Assets using Guid(dee5a3dfc2c594940b2d6e097207cb10) Importer(815301076,1909f56bfc062723c751e8b465ee728b)  -> (artifact id: '54110f674b5a9a504a037c18e6d8e981') in 0.036211 seconds 
========================================================================
Received Import Request.
  Time since last request: 0.000433 seconds.
  path: Assets/Assets/Assets/Scripts
  artifactKey: Guid(de57954b79567ec46bbbcd9decad70ff) Importer(815301076,1909f56bfc062723c751e8b465ee728b)
Start importing Assets/Assets/Assets/Scripts using Guid(de57954b79567ec46bbbcd9decad70ff) Importer(815301076,1909f56bfc062723c751e8b465ee728b)  -> (artifact id: '9f0dbb611cc992eb8ebc8698533f27c9') in 0.004179 seconds 
========================================================================
Received Import Request.
  Time since last request: 0.334124 seconds.
  path: Assets/Assets/Assets/models
  artifactKey: Guid(402c2e80c95752f448c3a92f71466e5a) Importer(815301076,1909f56bfc062723c751e8b465ee728b)
Start importing Assets/Assets/Assets/models using Guid(402c2e80c95752f448c3a92f71466e5a) Importer(815301076,1909f56bfc062723c751e8b465ee728b)  -> (artifact id: 'b331f109958d20c25d308c5253cd8358') in 0.015200 seconds 
========================================================================
Received Prepare
Registering precompiled user dll's ...
Registered in 0.005117 seconds.
Begin MonoManager ReloadAssembly
Native extension for WindowsStandalone target not found
Refreshing native plugins compatible for Editor in 1.30 ms, found 2 plugins.
Preloading 0 native plugins for Editor in 0.00 ms.
Mono: successfully reloaded assembly
- Completed reload, in  2.379 seconds
Platform modules already initialized, skipping
Switching build target platform(19) subTarget(0) extendedPlatform(0) -> platform(13) subTarget(537395200) extendedPlatform(0)
Shader 'Universal Render Pipeline/Particles/Lit': fallback shader 'Universal Render Pipeline/Particles/SimpleLit' not found
Refreshing native plugins compatible for Editor in 2.37 ms, found 2 plugins.
Preloading 0 native plugins for Editor in 0.00 ms.
Unloading 4599 Unused Serialized files (Serialized files now loaded: 0)
System memory in use before: 199.9 MB.
System memory in use after: 200.3 MB.

Unloading 44 unused Assets to reduce memory usage. Loaded Objects now: 5487.
Total: 6.621200 ms (FindLiveObjects: 1.216600 ms CreateObjectMapping: 0.580800 ms MarkObjects: 4.730900 ms  DeleteObjects: 0.090700 ms)

AssetImportParameters requested are different than current active one (requested -> active):
  custom:graphics/normal-map-encoding: 01000000000000000000000000000000 -> 02000000000000000000000000000000
========================================================================
Received Prepare
Registering precompiled user dll's ...
Registered in 0.007338 seconds.
Begin MonoManager ReloadAssembly
Native extension for WindowsStandalone target not found
Refreshing native plugins compatible for Editor in 1.54 ms, found 2 plugins.
Preloading 0 native plugins for Editor in 0.00 ms.
Mono: successfully reloaded assembly
- Completed reload, in  2.859 seconds
Platform modules already initialized, skipping
Switching build target platform(19) subTarget(0) extendedPlatform(0) -> platform(13) subTarget(537395200) extendedPlatform(0)
Shader 'Universal Render Pipeline/Particles/Lit': fallback shader 'Universal Render Pipeline/Particles/SimpleLit' not found
Refreshing native plugins compatible for Editor in 1.62 ms, found 2 plugins.
Preloading 0 native plugins for Editor in 0.00 ms.
Unloading 4599 Unused Serialized files (Serialized files now loaded: 0)
System memory in use before: 199.8 MB.
System memory in use after: 200.1 MB.

Unloading 13 unused Assets to reduce memory usage. Loaded Objects now: 5491.
Total: 4.998900 ms (FindLiveObjects: 0.538800 ms CreateObjectMapping: 0.377100 ms MarkObjects: 4.050200 ms  DeleteObjects: 0.030800 ms)

AssetImportParameters requested are different than current active one (requested -> active):
  custom:graphics/normal-map-encoding: 01000000000000000000000000000000 -> 02000000000000000000000000000000
========================================================================
Received Prepare
Registering precompiled user dll's ...
Registered in 0.005347 seconds.
Begin MonoManager ReloadAssembly
Native extension for WindowsStandalone target not found
Refreshing native plugins compatible for Editor in 1.42 ms, found 2 plugins.
Preloading 0 native plugins for Editor in 0.00 ms.
Mono: successfully reloaded assembly
- Completed reload, in  3.001 seconds
Platform modules already initialized, skipping
Switching build target platform(19) subTarget(0) extendedPlatform(0) -> platform(13) subTarget(537395200) extendedPlatform(0)
Shader 'Universal Render Pipeline/Particles/Lit': fallback shader 'Universal Render Pipeline/Particles/SimpleLit' not found
Refreshing native plugins compatible for Editor in 2.28 ms, found 2 plugins.
Preloading 0 native plugins for Editor in 0.00 ms.
Unloading 4599 Unused Serialized files (Serialized files now loaded: 0)
System memory in use before: 199.6 MB.
System memory in use after: 199.9 MB.

Unloading 13 unused Assets to reduce memory usage. Loaded Objects now: 5495.
Total: 5.821200 ms (FindLiveObjects: 0.698900 ms CreateObjectMapping: 0.607400 ms MarkObjects: 4.483700 ms  DeleteObjects: 0.029400 ms)

AssetImportParameters requested are different than current active one (requested -> active):
  custom:graphics/normal-map-encoding: 01000000000000000000000000000000 -> 02000000000000000000000000000000
========================================================================
Received Prepare
Registering precompiled user dll's ...
Registered in 0.019100 seconds.
Begin MonoManager ReloadAssembly
Native extension for WindowsStandalone target not found
Refreshing native plugins compatible for Editor in 1.41 ms, found 2 plugins.
Preloading 0 native plugins for Editor in 0.00 ms.
Mono: successfully reloaded assembly
- Completed reload, in  4.154 seconds
Platform modules already initialized, skipping
Switching build target platform(19) subTarget(0) extendedPlatform(0) -> platform(13) subTarget(537395200) extendedPlatform(0)
Shader 'Universal Render Pipeline/Particles/Lit': fallback shader 'Universal Render Pipeline/Particles/SimpleLit' not found
Refreshing native plugins compatible for Editor in 1.39 ms, found 2 plugins.
Preloading 0 native plugins for Editor in 0.00 ms.
Unloading 4599 Unused Serialized files (Serialized files now loaded: 0)
System memory in use before: 199.6 MB.
System memory in use after: 199.9 MB.

Unloading 13 unused Assets to reduce memory usage. Loaded Objects now: 5499.
Total: 9.426500 ms (FindLiveObjects: 0.869100 ms CreateObjectMapping: 0.501600 ms MarkObjects: 8.003700 ms  DeleteObjects: 0.049300 ms)

AssetImportParameters requested are different than current active one (requested -> active):
  custom:graphics/normal-map-encoding: 01000000000000000000000000000000 -> 02000000000000000000000000000000
========================================================================
Received Import Request.
  Time since last request: 278.976074 seconds.
  path: Assets/Scripts/MovingPlatform.cs
  artifactKey: Guid(076760ce84e36024bbc31570356407ec) Importer(815301076,1909f56bfc062723c751e8b465ee728b)
Start importing Assets/Scripts/MovingPlatform.cs using Guid(076760ce84e36024bbc31570356407ec) Importer(815301076,1909f56bfc062723c751e8b465ee728b)  -> (artifact id: 'dfd1861ac1edf01a8bdb9651b8baf1fd') in 0.405925 seconds 
========================================================================
Received Prepare
Registering precompiled user dll's ...
Registered in 0.129664 seconds.
Begin MonoManager ReloadAssembly
Native extension for WindowsStandalone target not found
Refreshing native plugins compatible for Editor in 1.40 ms, found 2 plugins.
Preloading 0 native plugins for Editor in 0.00 ms.
Mono: successfully reloaded assembly
- Completed reload, in  2.432 seconds
Platform modules already initialized, skipping
Switching build target platform(19) subTarget(0) extendedPlatform(0) -> platform(13) subTarget(537395200) extendedPlatform(0)
Shader 'Universal Render Pipeline/Particles/Lit': fallback shader 'Universal Render Pipeline/Particles/SimpleLit' not found
Refreshing native plugins compatible for Editor in 2.25 ms, found 2 plugins.
Preloading 0 native plugins for Editor in 0.00 ms.
Unloading 4598 Unused Serialized files (Serialized files now loaded: 0)
System memory in use before: 199.6 MB.
System memory in use after: 200.1 MB.

Unloading 14 unused Assets to reduce memory usage. Loaded Objects now: 5502.
Total: 5.807500 ms (FindLiveObjects: 0.546500 ms CreateObjectMapping: 0.475100 ms MarkObjects: 4.748400 ms  DeleteObjects: 0.034900 ms)

AssetImportParameters requested are different than current active one (requested -> active):
  custom:graphics/normal-map-encoding: 01000000000000000000000000000000 -> 02000000000000000000000000000000
