Using pre-set license
Built from '2021.1/release' branch; Version is '2021.1.0f1 (61a549675243) revision 6399305'; Using compiler version '192528614'; Build Type 'Release'
OS: 'Windows 10 Home Single Language; OS build 19042.631; Version 2009; 64bit' Language: 'en' Physical Memory: 4016 MB
BatchMode: 1, IsHumanControllingUs: 0, StartBugReporterOnCrash: 0, Is64bit: 1, IsPro: 0

 COMMAND LINE ARGUMENTS:
C:\Program Files\Unity\Hub\Editor\2021.1.0f1\Editor\Unity.exe
-adb2
-batchMode
-noUpm
-name
AssetImportWorker18
-projectPath
E:/Unity/Projects/StickmanConflict/Stickman Conflict
-logFile
Logs/AssetImportWorker18.log
-srvPort
61822
Successfully changed project path to: E:/Unity/Projects/StickmanConflict/Stickman Conflict
E:/Unity/Projects/StickmanConflict/Stickman Conflict
Using Asset Import Pipeline V2.
Refreshing native plugins compatible for Editor in 306.93 ms, found 2 plugins.
Preloading 0 native plugins for Editor in 0.00 ms.
Initialize engine version: 2021.1.0f1 (61a549675243)
[Subsystems] Discovering subsystems at path C:/Program Files/Unity/Hub/Editor/2021.1.0f1/Editor/Data/Resources/UnitySubsystems
[Subsystems] Discovering subsystems at path E:/Unity/Projects/StickmanConflict/Stickman Conflict/Assets
GfxDevice: creating device client; threaded=0; jobified=0
Direct3D:
    Version:  Direct3D 11.0 [level 11.1]
    Renderer: Intel(R) HD Graphics 5500 (ID=0x1616)
    Vendor:   Intel
    VRAM:     2008 MB
    Driver:   20.19.15.4364
Shader 'Universal Render Pipeline/Particles/Lit': fallback shader 'Universal Render Pipeline/Particles/SimpleLit' not found
Initialize mono
Mono path[0] = 'C:/Program Files/Unity/Hub/Editor/2021.1.0f1/Editor/Data/Managed'
Mono path[1] = 'C:/Program Files/Unity/Hub/Editor/2021.1.0f1/Editor/Data/MonoBleedingEdge/lib/mono/unityjit'
Mono config path = 'C:/Program Files/Unity/Hub/Editor/2021.1.0f1/Editor/Data/MonoBleedingEdge/etc'
Using monoOptions --debugger-agent=transport=dt_socket,embedding=1,server=y,suspend=n,address=127.0.0.1:56596
Begin MonoManager ReloadAssembly
Registering precompiled unity dll's ...
Register platform support module: C:/Program Files/Unity/Hub/Editor/2021.1.0f1/Editor/Data/PlaybackEngines/WindowsStandaloneSupport/UnityEditor.WindowsStandalone.Extensions.dll
Registered in 0.003433 seconds.
Native extension for WindowsStandalone target not found
Refreshing native plugins compatible for Editor in 253.61 ms, found 2 plugins.
Preloading 0 native plugins for Editor in 0.00 ms.
Mono: successfully reloaded assembly
- Completed reload, in  3.297 seconds
Platform modules already initialized, skipping
Registering precompiled user dll's ...
Registered in 0.005180 seconds.
Begin MonoManager ReloadAssembly
Native extension for WindowsStandalone target not found
Refreshing native plugins compatible for Editor in 260.55 ms, found 2 plugins.
Preloading 0 native plugins for Editor in 0.00 ms.
Mono: successfully reloaded assembly
- Completed reload, in  4.226 seconds
Platform modules already initialized, skipping
========================================================================
Worker process is ready to serve import requests
Shader 'Universal Render Pipeline/Particles/Lit': fallback shader 'Universal Render Pipeline/Particles/SimpleLit' not found
Launched and connected shader compiler UnityShaderCompiler.exe after 0.56 seconds
Refreshing native plugins compatible for Editor in 1.86 ms, found 2 plugins.
Preloading 0 native plugins for Editor in 0.00 ms.
Unloading 4679 Unused Serialized files (Serialized files now loaded: 0)
System memory in use before: 196.0 MB.
System memory in use after: 196.3 MB.

Unloading 25 unused Assets to reduce memory usage. Loaded Objects now: 5156.
Total: 5.039100 ms (FindLiveObjects: 0.484600 ms CreateObjectMapping: 0.375700 ms MarkObjects: 4.044200 ms  DeleteObjects: 0.132500 ms)

========================================================================
Received Import Request.
  path: Assets/Prefab/Blood PS.prefab
  artifactKey: Guid(e2e969a6c5c75c246b39572fcb4ed0e5) Importer(815301076,1909f56bfc062723c751e8b465ee728b)
Start importing Assets/Prefab/Blood PS.prefab using Guid(e2e969a6c5c75c246b39572fcb4ed0e5) Importer(815301076,1909f56bfc062723c751e8b465ee728b)  -> (artifact id: 'd22fbf32f14c5d97bd4c19422526f42b') in 0.134256 seconds 
========================================================================
Received Import Request.
  Time since last request: 0.774947 seconds.
  path: Assets/Prefab/Particle Effects
  artifactKey: Guid(df2ab16d3e83ed3419185ba96120898d) Importer(815301076,1909f56bfc062723c751e8b465ee728b)
Start importing Assets/Prefab/Particle Effects using Guid(df2ab16d3e83ed3419185ba96120898d) Importer(815301076,1909f56bfc062723c751e8b465ee728b)  -> (artifact id: '2a0e7a2f0b90787b2734e6168ab4e78a') in 0.042660 seconds 
========================================================================
Received Import Request.
  Time since last request: 0.000350 seconds.
  path: Assets/Prefab/Particle Effects/Smoke Explosion.prefab
  artifactKey: Guid(c31da0e6afdc04044b1b336ea121dc8d) Importer(815301076,1909f56bfc062723c751e8b465ee728b)
Start importing Assets/Prefab/Particle Effects/Smoke Explosion.prefab using Guid(c31da0e6afdc04044b1b336ea121dc8d) Importer(815301076,1909f56bfc062723c751e8b465ee728b)  -> (artifact id: '62807d31578c5e32eb090324a5abbbc4') in 0.017911 seconds 
========================================================================
Received Import Request.
  Time since last request: 0.000378 seconds.
  path: Assets/Prefab/Particle Effects/Blood Explosion.prefab
  artifactKey: Guid(f67be4a20e56141358977cafc88be578) Importer(815301076,1909f56bfc062723c751e8b465ee728b)
Start importing Assets/Prefab/Particle Effects/Blood Explosion.prefab using Guid(f67be4a20e56141358977cafc88be578) Importer(815301076,1909f56bfc062723c751e8b465ee728b)  -> (artifact id: '6b85361a3b7fc919fec5ef8f5ab284aa') in 0.035067 seconds 
========================================================================
Received Import Request.
  Time since last request: 0.000404 seconds.
  path: Assets/Prefab/Particle Effects/Blood Fountain.prefab
  artifactKey: Guid(63548790aea1344148c949be1885e10f) Importer(815301076,1909f56bfc062723c751e8b465ee728b)
Start importing Assets/Prefab/Particle Effects/Blood Fountain.prefab using Guid(63548790aea1344148c949be1885e10f) Importer(815301076,1909f56bfc062723c751e8b465ee728b)  -> (artifact id: 'd235230d45d5666850802e1b92dd8f03') in 0.044693 seconds 
========================================================================
Received Import Request.
  Time since last request: 36.820856 seconds.
  path: Assets/Assets/TextMesh Pro/Resources/Fonts & Materials/LiberationSans SDF - Fallback.asset
  artifactKey: Guid(2e498d1c8094910479dc3e1b768306a4) Importer(815301076,1909f56bfc062723c751e8b465ee728b)
Start importing Assets/Assets/TextMesh Pro/Resources/Fonts & Materials/LiberationSans SDF - Fallback.asset using Guid(2e498d1c8094910479dc3e1b768306a4) Importer(815301076,1909f56bfc062723c751e8b465ee728b)  -> (artifact id: 'a2a9c5314f8214ebce8b83a1260915e9') in 1.356374 seconds 
========================================================================
Received Import Request.
  Time since last request: 0.000360 seconds.
  path: Assets/Assets/TextMesh Pro/Resources/Fonts & Materials/LiberationSans SDF.asset
  artifactKey: Guid(8f586378b4e144a9851e7b34d9b748ee) Importer(815301076,1909f56bfc062723c751e8b465ee728b)
Start importing Assets/Assets/TextMesh Pro/Resources/Fonts & Materials/LiberationSans SDF.asset using Guid(8f586378b4e144a9851e7b34d9b748ee) Importer(815301076,1909f56bfc062723c751e8b465ee728b)  -> (artifact id: 'cb5b3947d88161774cdb0a6f416ab8eb') in 0.253954 seconds 
========================================================================
Received Import Request.
  Time since last request: 21.301693 seconds.
  path: Assets/Assets/TextMesh Pro/Fonts/LiberationSans.ttf
  artifactKey: Guid(e3265ab4bf004d28a9537516768c1c75) Importer(815301076,1909f56bfc062723c751e8b465ee728b)
Start importing Assets/Assets/TextMesh Pro/Fonts/LiberationSans.ttf using Guid(e3265ab4bf004d28a9537516768c1c75) Importer(815301076,1909f56bfc062723c751e8b465ee728b)  -> (artifact id: '2ead358ee4147c3d39cff5f478650511') in 0.296404 seconds 
========================================================================
Received Import Request.
  Time since last request: 1.307013 seconds.
  path: Packages/com.unity.searcher/Editor/Resources/FlatSkin/Font/Roboto-MediumItalic.ttf
  artifactKey: Guid(d93c1bc57fdf1ac4dad1bf04fac05464) Importer(815301076,1909f56bfc062723c751e8b465ee728b)
Start importing Packages/com.unity.searcher/Editor/Resources/FlatSkin/Font/Roboto-MediumItalic.ttf using Guid(d93c1bc57fdf1ac4dad1bf04fac05464) Importer(815301076,1909f56bfc062723c751e8b465ee728b)  -> (artifact id: '696330f2ad920b01c617ff569af8d196') in 0.160525 seconds 
========================================================================
Received Import Request.
  Time since last request: 0.000463 seconds.
  path: Packages/com.unity.searcher/Editor/Resources/FlatSkin/Font/Roboto-BlackItalic.ttf
  artifactKey: Guid(f95147a9bab9fe649b8070170fa7ebd2) Importer(815301076,1909f56bfc062723c751e8b465ee728b)
Start importing Packages/com.unity.searcher/Editor/Resources/FlatSkin/Font/Roboto-BlackItalic.ttf using Guid(f95147a9bab9fe649b8070170fa7ebd2) Importer(815301076,1909f56bfc062723c751e8b465ee728b)  -> (artifact id: 'dfae7bbed6339f3bc010abfba6903a68') in 0.072771 seconds 
========================================================================
Received Import Request.
  Time since last request: 0.000353 seconds.
  path: Packages/com.unity.searcher/Editor/Resources/FlatSkin/Font/Roboto-Bold.ttf
  artifactKey: Guid(3750c318f40cab44a97d3a81beaefeb3) Importer(815301076,1909f56bfc062723c751e8b465ee728b)
Start importing Packages/com.unity.searcher/Editor/Resources/FlatSkin/Font/Roboto-Bold.ttf using Guid(3750c318f40cab44a97d3a81beaefeb3) Importer(815301076,1909f56bfc062723c751e8b465ee728b)  -> (artifact id: 'c6b946bdd561d24805e4d4bbd365775e') in 0.057947 seconds 
========================================================================
Received Import Request.
  Time since last request: 0.000359 seconds.
  path: Packages/com.unity.searcher/Editor/Resources/FlatSkin/Font/Roboto-Italic.ttf
  artifactKey: Guid(c839255fc8f6b4b4d90bf8c1af9f9bd1) Importer(815301076,1909f56bfc062723c751e8b465ee728b)
Start importing Packages/com.unity.searcher/Editor/Resources/FlatSkin/Font/Roboto-Italic.ttf using Guid(c839255fc8f6b4b4d90bf8c1af9f9bd1) Importer(815301076,1909f56bfc062723c751e8b465ee728b)  -> (artifact id: '822017775adeab0ca9b5b77070e6eca7') in 0.084226 seconds 
========================================================================
Received Import Request.
  Time since last request: 0.000371 seconds.
  path: Packages/com.unity.searcher/Editor/Resources/FlatSkin/Font/Roboto-BoldItalic.ttf
  artifactKey: Guid(dfb97a9307a577a41bcacba34b9a7e32) Importer(815301076,1909f56bfc062723c751e8b465ee728b)
Start importing Packages/com.unity.searcher/Editor/Resources/FlatSkin/Font/Roboto-BoldItalic.ttf using Guid(dfb97a9307a577a41bcacba34b9a7e32) Importer(815301076,1909f56bfc062723c751e8b465ee728b)  -> (artifact id: '9bc9b2d652ade553d8607cbaa8001c25') in 0.062044 seconds 
========================================================================
Received Import Request.
  Time since last request: 0.000360 seconds.
  path: Packages/com.unity.searcher/Editor/Resources/FlatSkin/Font/Roboto-Light.ttf
  artifactKey: Guid(2a29e27936eb547458f646f71125b264) Importer(815301076,1909f56bfc062723c751e8b465ee728b)
Start importing Packages/com.unity.searcher/Editor/Resources/FlatSkin/Font/Roboto-Light.ttf using Guid(2a29e27936eb547458f646f71125b264) Importer(815301076,1909f56bfc062723c751e8b465ee728b)  -> (artifact id: '21da79dfec952e017ff8addb6d59d6d6') in 0.062798 seconds 
========================================================================
Received Import Request.
  Time since last request: 0.000422 seconds.
  path: Packages/com.unity.searcher/Editor/Resources/FlatSkin/Font/Roboto-LightItalic.ttf
  artifactKey: Guid(5e63515167650a541b309ba3bfd4db3d) Importer(815301076,1909f56bfc062723c751e8b465ee728b)
Start importing Packages/com.unity.searcher/Editor/Resources/FlatSkin/Font/Roboto-LightItalic.ttf using Guid(5e63515167650a541b309ba3bfd4db3d) Importer(815301076,1909f56bfc062723c751e8b465ee728b)  -> (artifact id: '34cad55960a292d32a7f2b42a6cc180f') in 0.044929 seconds 
========================================================================
Received Import Request.
  Time since last request: 2.357042 seconds.
  path: Packages/com.unity.searcher/Editor/Resources/FlatSkin/Font/Roboto-Medium.ttf
  artifactKey: Guid(a51a3aebb43ac044989270407476b208) Importer(815301076,1909f56bfc062723c751e8b465ee728b)
Start importing Packages/com.unity.searcher/Editor/Resources/FlatSkin/Font/Roboto-Medium.ttf using Guid(a51a3aebb43ac044989270407476b208) Importer(815301076,1909f56bfc062723c751e8b465ee728b)  -> (artifact id: 'e985813aacacffa3c6c808e0c978dfe7') in 0.092041 seconds 
========================================================================
Received Import Request.
  Time since last request: 0.173620 seconds.
  path: Assets/Assets/TextMesh Pro/Resources/Fonts & Materials/LiberationSans SDF - Drop Shadow.mat
  artifactKey: Guid(e73a58f6e2794ae7b1b7e50b7fb811b0) Importer(815301076,1909f56bfc062723c751e8b465ee728b)
Start importing Assets/Assets/TextMesh Pro/Resources/Fonts & Materials/LiberationSans SDF - Drop Shadow.mat using Guid(e73a58f6e2794ae7b1b7e50b7fb811b0) Importer(815301076,1909f56bfc062723c751e8b465ee728b)  -> (artifact id: '92e109104fdf36a8b73ff521d85485de') in 0.135468 seconds 
========================================================================
Received Import Request.
  Time since last request: 0.000440 seconds.
  path: Assets/Assets/TextMesh Pro/Resources/Fonts & Materials/LiberationSans SDF - Outline.mat
  artifactKey: Guid(79459efec17a4d00a321bdcc27bbc385) Importer(815301076,1909f56bfc062723c751e8b465ee728b)
Start importing Assets/Assets/TextMesh Pro/Resources/Fonts & Materials/LiberationSans SDF - Outline.mat using Guid(79459efec17a4d00a321bdcc27bbc385) Importer(815301076,1909f56bfc062723c751e8b465ee728b)  -> (artifact id: '8fbe1df4d70a3e0b3d02a1df5ad79713') in 0.086157 seconds 
========================================================================
Received Import Request.
  Time since last request: 52.340663 seconds.
  path: Assets/Assets/For Arts/2D Hand Painted/Sample/Prefabs/Water
  artifactKey: Guid(afbdf4cc8ebe34864a10a4380c66c18a) Importer(815301076,1909f56bfc062723c751e8b465ee728b)
Start importing Assets/Assets/For Arts/2D Hand Painted/Sample/Prefabs/Water using Guid(afbdf4cc8ebe34864a10a4380c66c18a) Importer(815301076,1909f56bfc062723c751e8b465ee728b)  -> (artifact id: '8141d59467e362717571e5fbaf87e029') in 0.060943 seconds 
========================================================================
Received Import Request.
  Time since last request: 0.000420 seconds.
  path: Assets/Assets/For Arts/2D Hand Painted/Sample/Prefabs/Water/Water Background.prefab
  artifactKey: Guid(51e1eecc030224a20866a39522142a4b) Importer(815301076,1909f56bfc062723c751e8b465ee728b)
Start importing Assets/Assets/For Arts/2D Hand Painted/Sample/Prefabs/Water/Water Background.prefab using Guid(51e1eecc030224a20866a39522142a4b) Importer(815301076,1909f56bfc062723c751e8b465ee728b)  -> (artifact id: '8ca6db9f482743ca6ec74caa60d5926a') in 0.313916 seconds 
========================================================================
Received Import Request.
  Time since last request: 0.000446 seconds.
  path: Assets/Assets/For Arts/2D Hand Painted/Sample/Prefabs/Water/Water Surface.prefab
  artifactKey: Guid(0dee403c9480148239ec2bccae6e242b) Importer(815301076,1909f56bfc062723c751e8b465ee728b)
Start importing Assets/Assets/For Arts/2D Hand Painted/Sample/Prefabs/Water/Water Surface.prefab using Guid(0dee403c9480148239ec2bccae6e242b) Importer(815301076,1909f56bfc062723c751e8b465ee728b)  -> (artifact id: 'd4b13b76c1c8facbb65325c2a388ac76') in 0.100592 seconds 
========================================================================
Received Import Request.
  Time since last request: 6.492399 seconds.
  path: Assets/Assets/For Arts/2D Hand Painted/Sample/Prefabs/Effects
  artifactKey: Guid(22aac0f5dff4d47e98b38b990af50cdf) Importer(815301076,1909f56bfc062723c751e8b465ee728b)
Start importing Assets/Assets/For Arts/2D Hand Painted/Sample/Prefabs/Effects using Guid(22aac0f5dff4d47e98b38b990af50cdf) Importer(815301076,1909f56bfc062723c751e8b465ee728b)  -> (artifact id: '766153c1903ba4f5b64225aeeba08b2a') in 0.010520 seconds 
========================================================================
Received Import Request.
  Time since last request: 0.004730 seconds.
  path: Assets/Assets/For Arts/2D Hand Painted/Sample/Prefabs/Effects/Bubbles Area FX.prefab
  artifactKey: Guid(5ac58655a4a0c4abca3704f90847d328) Importer(815301076,1909f56bfc062723c751e8b465ee728b)
Start importing Assets/Assets/For Arts/2D Hand Painted/Sample/Prefabs/Effects/Bubbles Area FX.prefab using Guid(5ac58655a4a0c4abca3704f90847d328) Importer(815301076,1909f56bfc062723c751e8b465ee728b)  -> (artifact id: '62e105bd4e9c64952fca0dec35932db8') in 0.065334 seconds 
========================================================================
Received Import Request.
  Time since last request: 0.000357 seconds.
  path: Assets/Assets/For Arts/2D Hand Painted/Sample/Prefabs/Effects/Crystal Fantasy FX.prefab
  artifactKey: Guid(59684f31068de43ac900896e51a18f95) Importer(815301076,1909f56bfc062723c751e8b465ee728b)
Start importing Assets/Assets/For Arts/2D Hand Painted/Sample/Prefabs/Effects/Crystal Fantasy FX.prefab using Guid(59684f31068de43ac900896e51a18f95) Importer(815301076,1909f56bfc062723c751e8b465ee728b)  -> (artifact id: '98c6c532bc480ebe3263679960c85ec7') in 0.056188 seconds 
========================================================================
Received Import Request.
  Time since last request: 0.000426 seconds.
  path: Assets/Assets/For Arts/2D Hand Painted/Sample/Prefabs/Effects/Fire Sparks FX.prefab
  artifactKey: Guid(600773de602024ab8aeaab3262dacb72) Importer(815301076,1909f56bfc062723c751e8b465ee728b)
Start importing Assets/Assets/For Arts/2D Hand Painted/Sample/Prefabs/Effects/Fire Sparks FX.prefab using Guid(600773de602024ab8aeaab3262dacb72) Importer(815301076,1909f56bfc062723c751e8b465ee728b)  -> (artifact id: 'aa1c38c75e8003f30dbf9ad2a748993c') in 0.035710 seconds 
========================================================================
Received Import Request.
  Time since last request: 0.000377 seconds.
  path: Assets/Assets/For Arts/2D Hand Painted/Sample/Prefabs/Effects/Fire Smoke FX.prefab
  artifactKey: Guid(e47cebb61dcc04b4ca65c4c65dd23d84) Importer(815301076,1909f56bfc062723c751e8b465ee728b)
Start importing Assets/Assets/For Arts/2D Hand Painted/Sample/Prefabs/Effects/Fire Smoke FX.prefab using Guid(e47cebb61dcc04b4ca65c4c65dd23d84) Importer(815301076,1909f56bfc062723c751e8b465ee728b)  -> (artifact id: '42b7651d9b1a1fed26d5a2d5cea60549') in 0.025796 seconds 
========================================================================
Received Import Request.
  Time since last request: 445.333818 seconds.
  path: Assets/Prefab/Particle System.prefab
  artifactKey: Guid(9edfa63152a1b5c448735779e90ed5c0) Importer(815301076,1909f56bfc062723c751e8b465ee728b)
Start importing Assets/Prefab/Particle System.prefab using Guid(9edfa63152a1b5c448735779e90ed5c0) Importer(815301076,1909f56bfc062723c751e8b465ee728b)  -> (artifact id: '4f6a267320ab298ec67b656b9d48a058') in 0.021173 seconds 
========================================================================
Received Prepare
Registering precompiled user dll's ...
Registered in 0.006799 seconds.
Begin MonoManager ReloadAssembly
Native extension for WindowsStandalone target not found
Refreshing native plugins compatible for Editor in 1.55 ms, found 2 plugins.
Preloading 0 native plugins for Editor in 0.00 ms.
Mono: successfully reloaded assembly
- Completed reload, in  2.425 seconds
Platform modules already initialized, skipping
Switching build target platform(19) subTarget(0) extendedPlatform(0) -> platform(13) subTarget(537395200) extendedPlatform(0)
Shader 'Universal Render Pipeline/Particles/Lit': fallback shader 'Universal Render Pipeline/Particles/SimpleLit' not found
Refreshing native plugins compatible for Editor in 2.00 ms, found 2 plugins.
Preloading 0 native plugins for Editor in 0.00 ms.
Unloading 4597 Unused Serialized files (Serialized files now loaded: 0)
System memory in use before: 201.4 MB.
System memory in use after: 201.6 MB.

Unloading 13 unused Assets to reduce memory usage. Loaded Objects now: 5409.
Total: 5.741100 ms (FindLiveObjects: 0.650400 ms CreateObjectMapping: 0.581000 ms MarkObjects: 4.473700 ms  DeleteObjects: 0.033100 ms)

AssetImportParameters requested are different than current active one (requested -> active):
  custom:graphics/normal-map-encoding: 01000000000000000000000000000000 -> 02000000000000000000000000000000
========================================================================
Received Import Request.
  Time since last request: 86.469478 seconds.
  path: Assets/Prefab/Particle System.prefab
  artifactKey: Guid(9edfa63152a1b5c448735779e90ed5c0) Importer(815301076,1909f56bfc062723c751e8b465ee728b)
Start importing Assets/Prefab/Particle System.prefab using Guid(9edfa63152a1b5c448735779e90ed5c0) Importer(815301076,1909f56bfc062723c751e8b465ee728b)  -> (artifact id: 'a991785f7388610b5d0a93111d99d51e') in 0.049826 seconds 
========================================================================
Received Import Request.
  Time since last request: 6.240205 seconds.
  path: Assets/Prefab/Particle System.prefab
  artifactKey: Guid(9edfa63152a1b5c448735779e90ed5c0) Importer(815301076,1909f56bfc062723c751e8b465ee728b)
Start importing Assets/Prefab/Particle System.prefab using Guid(9edfa63152a1b5c448735779e90ed5c0) Importer(815301076,1909f56bfc062723c751e8b465ee728b)  -> (artifact id: 'bcbed400d65281b7118a3a41fe9f7efd') in 0.010777 seconds 
========================================================================
Received Import Request.
  Time since last request: 29.484578 seconds.
  path: Assets/Prefab/Particle Effects/Blood Fountain.prefab
  artifactKey: Guid(63548790aea1344148c949be1885e10f) Importer(815301076,1909f56bfc062723c751e8b465ee728b)
Start importing Assets/Prefab/Particle Effects/Blood Fountain.prefab using Guid(63548790aea1344148c949be1885e10f) Importer(815301076,1909f56bfc062723c751e8b465ee728b)  -> (artifact id: '0dcb9b861dd0c24356c247b5f42bf5fe') in 0.009823 seconds 
========================================================================
Received Import Request.
  Time since last request: 22.702721 seconds.
  path: Assets/Prefab/Particle Effects/Blood Explosion.prefab
  artifactKey: Guid(f67be4a20e56141358977cafc88be578) Importer(815301076,1909f56bfc062723c751e8b465ee728b)
Start importing Assets/Prefab/Particle Effects/Blood Explosion.prefab using Guid(f67be4a20e56141358977cafc88be578) Importer(815301076,1909f56bfc062723c751e8b465ee728b)  -> (artifact id: '85b4e0de61156187f38aaefe5ef6c608') in 0.011476 seconds 
========================================================================
Received Import Request.
  Time since last request: 35.553769 seconds.
  path: Assets/Prefab/Particle System.prefab
  artifactKey: Guid(9edfa63152a1b5c448735779e90ed5c0) Importer(815301076,1909f56bfc062723c751e8b465ee728b)
Start importing Assets/Prefab/Particle System.prefab using Guid(9edfa63152a1b5c448735779e90ed5c0) Importer(815301076,1909f56bfc062723c751e8b465ee728b)  -> (artifact id: 'ae7044e11506e56df407bfa41a53aedf') in 0.008693 seconds 
========================================================================
Received Import Request.
  Time since last request: 3.090981 seconds.
  path: Assets/Prefab/Particle System.prefab
  artifactKey: Guid(9edfa63152a1b5c448735779e90ed5c0) Importer(815301076,1909f56bfc062723c751e8b465ee728b)
Start importing Assets/Prefab/Particle System.prefab using Guid(9edfa63152a1b5c448735779e90ed5c0) Importer(815301076,1909f56bfc062723c751e8b465ee728b)  -> (artifact id: '9db303721d27e9d59c197a8d87708e8f') in 0.011453 seconds 
========================================================================
Received Import Request.
  Time since last request: 32.934472 seconds.
  path: Assets/Prefab/Particle System.prefab
  artifactKey: Guid(9edfa63152a1b5c448735779e90ed5c0) Importer(815301076,1909f56bfc062723c751e8b465ee728b)
Start importing Assets/Prefab/Particle System.prefab using Guid(9edfa63152a1b5c448735779e90ed5c0) Importer(815301076,1909f56bfc062723c751e8b465ee728b)  -> (artifact id: '8388c7e8a8895c9fde5411db091787cd') in 0.009484 seconds 
========================================================================
Received Import Request.
  Time since last request: 58.146925 seconds.
  path: Assets/Prefab/Particle System.prefab
  artifactKey: Guid(9edfa63152a1b5c448735779e90ed5c0) Importer(815301076,1909f56bfc062723c751e8b465ee728b)
Start importing Assets/Prefab/Particle System.prefab using Guid(9edfa63152a1b5c448735779e90ed5c0) Importer(815301076,1909f56bfc062723c751e8b465ee728b)  -> (artifact id: 'a9cf98b21fda87c2fc558a05b584af83') in 0.010494 seconds 
========================================================================
Received Import Request.
  Time since last request: 34.288183 seconds.
  path: Assets/Prefab/Particle System.prefab
  artifactKey: Guid(9edfa63152a1b5c448735779e90ed5c0) Importer(815301076,1909f56bfc062723c751e8b465ee728b)
Start importing Assets/Prefab/Particle System.prefab using Guid(9edfa63152a1b5c448735779e90ed5c0) Importer(815301076,1909f56bfc062723c751e8b465ee728b)  -> (artifact id: 'dedf5561b3beb721555af85bc8d1bdf9') in 0.012819 seconds 
========================================================================
Received Import Request.
  Time since last request: 2.163626 seconds.
  path: Assets/Prefab/Particle System.prefab
  artifactKey: Guid(9edfa63152a1b5c448735779e90ed5c0) Importer(815301076,1909f56bfc062723c751e8b465ee728b)
Start importing Assets/Prefab/Particle System.prefab using Guid(9edfa63152a1b5c448735779e90ed5c0) Importer(815301076,1909f56bfc062723c751e8b465ee728b)  -> (artifact id: '2b01a52e5f5b3a4b64c2ff05a8df0ad9') in 0.010872 seconds 
========================================================================
Received Import Request.
  Time since last request: 1.855721 seconds.
  path: Assets/Prefab/Particle System.prefab
  artifactKey: Guid(9edfa63152a1b5c448735779e90ed5c0) Importer(815301076,1909f56bfc062723c751e8b465ee728b)
Start importing Assets/Prefab/Particle System.prefab using Guid(9edfa63152a1b5c448735779e90ed5c0) Importer(815301076,1909f56bfc062723c751e8b465ee728b)  -> (artifact id: '31fd7c0ad3d99113698a33a036487898') in 0.009390 seconds 
========================================================================
Received Import Request.
  Time since last request: 0.861369 seconds.
  path: Assets/Prefab/Particle System.prefab
  artifactKey: Guid(9edfa63152a1b5c448735779e90ed5c0) Importer(815301076,1909f56bfc062723c751e8b465ee728b)
Start importing Assets/Prefab/Particle System.prefab using Guid(9edfa63152a1b5c448735779e90ed5c0) Importer(815301076,1909f56bfc062723c751e8b465ee728b)  -> (artifact id: '140a1174c7bee6c63991d29dff05f57e') in 0.009429 seconds 
========================================================================
Received Import Request.
  Time since last request: 0.758529 seconds.
  path: Assets/Prefab/Particle System.prefab
  artifactKey: Guid(9edfa63152a1b5c448735779e90ed5c0) Importer(815301076,1909f56bfc062723c751e8b465ee728b)
Start importing Assets/Prefab/Particle System.prefab using Guid(9edfa63152a1b5c448735779e90ed5c0) Importer(815301076,1909f56bfc062723c751e8b465ee728b)  -> (artifact id: 'fceab1754ad34ac77dc0218b541f69d3') in 0.011544 seconds 
========================================================================
Received Import Request.
  Time since last request: 0.846143 seconds.
  path: Assets/Prefab/Particle System.prefab
  artifactKey: Guid(9edfa63152a1b5c448735779e90ed5c0) Importer(815301076,1909f56bfc062723c751e8b465ee728b)
Start importing Assets/Prefab/Particle System.prefab using Guid(9edfa63152a1b5c448735779e90ed5c0) Importer(815301076,1909f56bfc062723c751e8b465ee728b)  -> (artifact id: '2d331d1415fe87334f0ac13f45a0e89e') in 0.010274 seconds 
========================================================================
Received Import Request.
  Time since last request: 20.253573 seconds.
  path: Assets/Prefab/Particle System.prefab
  artifactKey: Guid(9edfa63152a1b5c448735779e90ed5c0) Importer(815301076,1909f56bfc062723c751e8b465ee728b)
Start importing Assets/Prefab/Particle System.prefab using Guid(9edfa63152a1b5c448735779e90ed5c0) Importer(815301076,1909f56bfc062723c751e8b465ee728b)  -> (artifact id: '81d9c7f7be0101d3e85ef2886ee57e64') in 0.010003 seconds 
========================================================================
Received Import Request.
  Time since last request: 5.277295 seconds.
  path: Assets/Prefab/Particle System.prefab
  artifactKey: Guid(9edfa63152a1b5c448735779e90ed5c0) Importer(815301076,1909f56bfc062723c751e8b465ee728b)
Start importing Assets/Prefab/Particle System.prefab using Guid(9edfa63152a1b5c448735779e90ed5c0) Importer(815301076,1909f56bfc062723c751e8b465ee728b)  -> (artifact id: 'ee4d837558030eb7249504d8488237b4') in 0.010739 seconds 
========================================================================
Received Import Request.
  Time since last request: 4.261228 seconds.
  path: Assets/Prefab/Particle System.prefab
  artifactKey: Guid(9edfa63152a1b5c448735779e90ed5c0) Importer(815301076,1909f56bfc062723c751e8b465ee728b)
Start importing Assets/Prefab/Particle System.prefab using Guid(9edfa63152a1b5c448735779e90ed5c0) Importer(815301076,1909f56bfc062723c751e8b465ee728b)  -> (artifact id: 'f246f07bcd47d7849034b5cdea2594a7') in 0.007704 seconds 
========================================================================
Received Import Request.
  Time since last request: 3.987249 seconds.
  path: Assets/Prefab/Particle System.prefab
  artifactKey: Guid(9edfa63152a1b5c448735779e90ed5c0) Importer(815301076,1909f56bfc062723c751e8b465ee728b)
Start importing Assets/Prefab/Particle System.prefab using Guid(9edfa63152a1b5c448735779e90ed5c0) Importer(815301076,1909f56bfc062723c751e8b465ee728b)  -> (artifact id: '07dfdd5778a0573047f483f9193c89c8') in 0.012280 seconds 
========================================================================
Received Import Request.
  Time since last request: 4.284844 seconds.
  path: Assets/Prefab/Particle System.prefab
  artifactKey: Guid(9edfa63152a1b5c448735779e90ed5c0) Importer(815301076,1909f56bfc062723c751e8b465ee728b)
Start importing Assets/Prefab/Particle System.prefab using Guid(9edfa63152a1b5c448735779e90ed5c0) Importer(815301076,1909f56bfc062723c751e8b465ee728b)  -> (artifact id: 'c41de8873ed7d76c40fb357169e653c7') in 0.011350 seconds 
========================================================================
Received Import Request.
  Time since last request: 7.903564 seconds.
  path: Assets/Prefab/Particle System.prefab
  artifactKey: Guid(9edfa63152a1b5c448735779e90ed5c0) Importer(815301076,1909f56bfc062723c751e8b465ee728b)
Start importing Assets/Prefab/Particle System.prefab using Guid(9edfa63152a1b5c448735779e90ed5c0) Importer(815301076,1909f56bfc062723c751e8b465ee728b)  -> (artifact id: '22b8748f7da0a14aa6a99d0f63ae31b4') in 0.011411 seconds 
========================================================================
Received Import Request.
  Time since last request: 4.460816 seconds.
  path: Assets/Prefab/Particle System.prefab
  artifactKey: Guid(9edfa63152a1b5c448735779e90ed5c0) Importer(815301076,1909f56bfc062723c751e8b465ee728b)
Start importing Assets/Prefab/Particle System.prefab using Guid(9edfa63152a1b5c448735779e90ed5c0) Importer(815301076,1909f56bfc062723c751e8b465ee728b)  -> (artifact id: '70472046177e09e330e8c2f7782c2a38') in 0.013010 seconds 
========================================================================
Received Import Request.
  Time since last request: 28.197659 seconds.
  path: Assets/Prefab/Particle System.prefab
  artifactKey: Guid(9edfa63152a1b5c448735779e90ed5c0) Importer(815301076,1909f56bfc062723c751e8b465ee728b)
Start importing Assets/Prefab/Particle System.prefab using Guid(9edfa63152a1b5c448735779e90ed5c0) Importer(815301076,1909f56bfc062723c751e8b465ee728b)  -> (artifact id: '3b491f056a4219a532001e8dcca71b95') in 0.010462 seconds 
========================================================================
Received Import Request.
  Time since last request: 3.305543 seconds.
  path: Assets/Prefab/Particle System.prefab
  artifactKey: Guid(9edfa63152a1b5c448735779e90ed5c0) Importer(815301076,1909f56bfc062723c751e8b465ee728b)
Start importing Assets/Prefab/Particle System.prefab using Guid(9edfa63152a1b5c448735779e90ed5c0) Importer(815301076,1909f56bfc062723c751e8b465ee728b)  -> (artifact id: '40d7966fb7dc5b2b03a8d67ba74536e2') in 0.009170 seconds 
========================================================================
Received Import Request.
  Time since last request: 4.976283 seconds.
  path: Assets/Prefab/Particle System.prefab
  artifactKey: Guid(9edfa63152a1b5c448735779e90ed5c0) Importer(815301076,1909f56bfc062723c751e8b465ee728b)
Start importing Assets/Prefab/Particle System.prefab using Guid(9edfa63152a1b5c448735779e90ed5c0) Importer(815301076,1909f56bfc062723c751e8b465ee728b)  -> (artifact id: 'ce98a5d2d3d0a43982aa5e940737fa25') in 0.009516 seconds 
========================================================================
Received Import Request.
  Time since last request: 1.890066 seconds.
  path: Assets/Prefab/Particle System.prefab
  artifactKey: Guid(9edfa63152a1b5c448735779e90ed5c0) Importer(815301076,1909f56bfc062723c751e8b465ee728b)
Start importing Assets/Prefab/Particle System.prefab using Guid(9edfa63152a1b5c448735779e90ed5c0) Importer(815301076,1909f56bfc062723c751e8b465ee728b)  -> (artifact id: '23d542589bb427c92431b73412bd1c91') in 0.007009 seconds 
========================================================================
Received Import Request.
  Time since last request: 1.721645 seconds.
  path: Assets/Prefab/Particle System.prefab
  artifactKey: Guid(9edfa63152a1b5c448735779e90ed5c0) Importer(815301076,1909f56bfc062723c751e8b465ee728b)
Start importing Assets/Prefab/Particle System.prefab using Guid(9edfa63152a1b5c448735779e90ed5c0) Importer(815301076,1909f56bfc062723c751e8b465ee728b)  -> (artifact id: 'f096a892215a7c226f58a32b2ebe63ae') in 0.008570 seconds 
========================================================================
Received Import Request.
  Time since last request: 4.364839 seconds.
  path: Assets/Prefab/Particle System.prefab
  artifactKey: Guid(9edfa63152a1b5c448735779e90ed5c0) Importer(815301076,1909f56bfc062723c751e8b465ee728b)
Start importing Assets/Prefab/Particle System.prefab using Guid(9edfa63152a1b5c448735779e90ed5c0) Importer(815301076,1909f56bfc062723c751e8b465ee728b)  -> (artifact id: '9284c09b81adc9f6f78e33583399cd72') in 0.009906 seconds 
========================================================================
Received Import Request.
  Time since last request: 2.541424 seconds.
  path: Assets/Prefab/Particle System.prefab
  artifactKey: Guid(9edfa63152a1b5c448735779e90ed5c0) Importer(815301076,1909f56bfc062723c751e8b465ee728b)
Start importing Assets/Prefab/Particle System.prefab using Guid(9edfa63152a1b5c448735779e90ed5c0) Importer(815301076,1909f56bfc062723c751e8b465ee728b)  -> (artifact id: '53676e7e105167b89811664822eecb29') in 0.009195 seconds 
========================================================================
Received Import Request.
  Time since last request: 2.668628 seconds.
  path: Assets/Prefab/Particle System.prefab
  artifactKey: Guid(9edfa63152a1b5c448735779e90ed5c0) Importer(815301076,1909f56bfc062723c751e8b465ee728b)
Start importing Assets/Prefab/Particle System.prefab using Guid(9edfa63152a1b5c448735779e90ed5c0) Importer(815301076,1909f56bfc062723c751e8b465ee728b)  -> (artifact id: '3c7a021baf4a5232be2b88bfe156b6b5') in 0.014099 seconds 
========================================================================
Received Prepare
Registering precompiled user dll's ...
Registered in 0.005349 seconds.
Begin MonoManager ReloadAssembly
Native extension for WindowsStandalone target not found
Refreshing native plugins compatible for Editor in 1.45 ms, found 2 plugins.
Preloading 0 native plugins for Editor in 0.00 ms.
Mono: successfully reloaded assembly
- Completed reload, in  2.502 seconds
Platform modules already initialized, skipping
Switching build target platform(19) subTarget(0) extendedPlatform(0) -> platform(13) subTarget(537395200) extendedPlatform(0)
Shader 'Universal Render Pipeline/Particles/Lit': fallback shader 'Universal Render Pipeline/Particles/SimpleLit' not found
Refreshing native plugins compatible for Editor in 1.68 ms, found 2 plugins.
Preloading 0 native plugins for Editor in 0.00 ms.
Unloading 4586 Unused Serialized files (Serialized files now loaded: 0)
System memory in use before: 201.3 MB.
System memory in use after: 201.6 MB.

Unloading 13 unused Assets to reduce memory usage. Loaded Objects now: 5413.
Total: 5.920000 ms (FindLiveObjects: 0.692700 ms CreateObjectMapping: 0.644200 ms MarkObjects: 4.550600 ms  DeleteObjects: 0.030800 ms)

AssetImportParameters requested are different than current active one (requested -> active):
  custom:graphics/normal-map-encoding: 01000000000000000000000000000000 -> 02000000000000000000000000000000
========================================================================
Received Import Request.
  Time since last request: 73.321152 seconds.
  path: Assets/Prefab/Blood PS.prefab
  artifactKey: Guid(e2e969a6c5c75c246b39572fcb4ed0e5) Importer(815301076,1909f56bfc062723c751e8b465ee728b)
Start importing Assets/Prefab/Blood PS.prefab using Guid(e2e969a6c5c75c246b39572fcb4ed0e5) Importer(815301076,1909f56bfc062723c751e8b465ee728b)  -> (artifact id: 'efe1b46d89164c81740f9df204ae011f') in 0.058178 seconds 
========================================================================
Received Import Request.
  Time since last request: 4.627973 seconds.
  path: Assets/Prefab/Blood PS.prefab
  artifactKey: Guid(e2e969a6c5c75c246b39572fcb4ed0e5) Importer(815301076,1909f56bfc062723c751e8b465ee728b)
Start importing Assets/Prefab/Blood PS.prefab using Guid(e2e969a6c5c75c246b39572fcb4ed0e5) Importer(815301076,1909f56bfc062723c751e8b465ee728b)  -> (artifact id: '8659b516f80b8ffaa1a4a077ae5c1590') in 0.006543 seconds 
========================================================================
Received Import Request.
  Time since last request: 1.072615 seconds.
  path: Assets/Prefab/Blood PS.prefab
  artifactKey: Guid(e2e969a6c5c75c246b39572fcb4ed0e5) Importer(815301076,1909f56bfc062723c751e8b465ee728b)
Start importing Assets/Prefab/Blood PS.prefab using Guid(e2e969a6c5c75c246b39572fcb4ed0e5) Importer(815301076,1909f56bfc062723c751e8b465ee728b)  -> (artifact id: 'a19d2d1db1e7dbf293a07693009a4873') in 0.006354 seconds 
========================================================================
Received Prepare
Registering precompiled user dll's ...
Registered in 0.006334 seconds.
Begin MonoManager ReloadAssembly
Native extension for WindowsStandalone target not found
Refreshing native plugins compatible for Editor in 1.50 ms, found 2 plugins.
Preloading 0 native plugins for Editor in 0.00 ms.
Mono: successfully reloaded assembly
- Completed reload, in  2.377 seconds
Platform modules already initialized, skipping
Switching build target platform(19) subTarget(0) extendedPlatform(0) -> platform(13) subTarget(537395200) extendedPlatform(0)
Shader 'Universal Render Pipeline/Particles/Lit': fallback shader 'Universal Render Pipeline/Particles/SimpleLit' not found
Refreshing native plugins compatible for Editor in 1.50 ms, found 2 plugins.
Preloading 0 native plugins for Editor in 0.00 ms.
Unloading 4586 Unused Serialized files (Serialized files now loaded: 0)
System memory in use before: 201.4 MB.
System memory in use after: 201.6 MB.

Unloading 13 unused Assets to reduce memory usage. Loaded Objects now: 5417.
Total: 5.875600 ms (FindLiveObjects: 0.704200 ms CreateObjectMapping: 0.575700 ms MarkObjects: 4.561900 ms  DeleteObjects: 0.031600 ms)

AssetImportParameters requested are different than current active one (requested -> active):
  custom:graphics/normal-map-encoding: 01000000000000000000000000000000 -> 02000000000000000000000000000000
========================================================================
Received Import Request.
  Time since last request: 63.286341 seconds.
  path: Assets/Prefab/Blood PS.prefab
  artifactKey: Guid(e2e969a6c5c75c246b39572fcb4ed0e5) Importer(815301076,1909f56bfc062723c751e8b465ee728b)
Start importing Assets/Prefab/Blood PS.prefab using Guid(e2e969a6c5c75c246b39572fcb4ed0e5) Importer(815301076,1909f56bfc062723c751e8b465ee728b)  -> (artifact id: '928449bee76f02daa14b250075454f80') in 0.054769 seconds 
========================================================================
Received Import Request.
  Time since last request: 29.885509 seconds.
  path: Assets/Prefab/Blood PS.prefab
  artifactKey: Guid(e2e969a6c5c75c246b39572fcb4ed0e5) Importer(815301076,1909f56bfc062723c751e8b465ee728b)
Start importing Assets/Prefab/Blood PS.prefab using Guid(e2e969a6c5c75c246b39572fcb4ed0e5) Importer(815301076,1909f56bfc062723c751e8b465ee728b)  -> (artifact id: '7e9a1ff1ab9439fc8b4cf914f76e3445') in 0.006946 seconds 
========================================================================
Received Import Request.
  Time since last request: 2.622490 seconds.
  path: Assets/Prefab/Blood PS.prefab
  artifactKey: Guid(e2e969a6c5c75c246b39572fcb4ed0e5) Importer(815301076,1909f56bfc062723c751e8b465ee728b)
Start importing Assets/Prefab/Blood PS.prefab using Guid(e2e969a6c5c75c246b39572fcb4ed0e5) Importer(815301076,1909f56bfc062723c751e8b465ee728b)  -> (artifact id: '2b9d5928315a36a10c15fb47ace498fa') in 0.007910 seconds 
========================================================================
Received Import Request.
  Time since last request: 19.425650 seconds.
  path: Assets/Prefab/Blood PS.prefab
  artifactKey: Guid(e2e969a6c5c75c246b39572fcb4ed0e5) Importer(815301076,1909f56bfc062723c751e8b465ee728b)
Start importing Assets/Prefab/Blood PS.prefab using Guid(e2e969a6c5c75c246b39572fcb4ed0e5) Importer(815301076,1909f56bfc062723c751e8b465ee728b)  -> (artifact id: 'a59978e1766f02cd62d73eec67b09a99') in 0.007233 seconds 
========================================================================
Received Import Request.
  Time since last request: 4.778627 seconds.
  path: Assets/Prefab/Blood PS.prefab
  artifactKey: Guid(e2e969a6c5c75c246b39572fcb4ed0e5) Importer(815301076,1909f56bfc062723c751e8b465ee728b)
Start importing Assets/Prefab/Blood PS.prefab using Guid(e2e969a6c5c75c246b39572fcb4ed0e5) Importer(815301076,1909f56bfc062723c751e8b465ee728b)  -> (artifact id: '2a62cafe718c414fe55e4cdf533c7d7d') in 0.008996 seconds 
========================================================================
Received Prepare
Registering precompiled user dll's ...
Registered in 0.014476 seconds.
Begin MonoManager ReloadAssembly
Native extension for WindowsStandalone target not found
Refreshing native plugins compatible for Editor in 2.21 ms, found 2 plugins.
Preloading 0 native plugins for Editor in 0.00 ms.
Mono: successfully reloaded assembly
- Completed reload, in  3.932 seconds
Platform modules already initialized, skipping
Switching build target platform(19) subTarget(0) extendedPlatform(0) -> platform(13) subTarget(537395200) extendedPlatform(0)
Shader 'Universal Render Pipeline/Particles/Lit': fallback shader 'Universal Render Pipeline/Particles/SimpleLit' not found
Refreshing native plugins compatible for Editor in 2.20 ms, found 2 plugins.
Preloading 0 native plugins for Editor in 0.00 ms.
Unloading 4586 Unused Serialized files (Serialized files now loaded: 0)
System memory in use before: 201.4 MB.
System memory in use after: 201.7 MB.

Unloading 13 unused Assets to reduce memory usage. Loaded Objects now: 5421.
Total: 8.061900 ms (FindLiveObjects: 2.859000 ms CreateObjectMapping: 0.638400 ms MarkObjects: 4.520200 ms  DeleteObjects: 0.038500 ms)

AssetImportParameters requested are different than current active one (requested -> active):
  custom:graphics/normal-map-encoding: 01000000000000000000000000000000 -> 02000000000000000000000000000000
========================================================================
Received Import Request.
  Time since last request: 127.172784 seconds.
  path: Assets/Prefab/Particle System.prefab
  artifactKey: Guid(9edfa63152a1b5c448735779e90ed5c0) Importer(815301076,1909f56bfc062723c751e8b465ee728b)
Start importing Assets/Prefab/Particle System.prefab using Guid(9edfa63152a1b5c448735779e90ed5c0) Importer(815301076,1909f56bfc062723c751e8b465ee728b)  -> (artifact id: '65aa5764c826e51688cdc2280ba6bf29') in 0.089365 seconds 
========================================================================
Received Import Request.
  Time since last request: 7.424777 seconds.
  path: Assets/Prefab/Particle System.prefab
  artifactKey: Guid(9edfa63152a1b5c448735779e90ed5c0) Importer(815301076,1909f56bfc062723c751e8b465ee728b)
Start importing Assets/Prefab/Particle System.prefab using Guid(9edfa63152a1b5c448735779e90ed5c0) Importer(815301076,1909f56bfc062723c751e8b465ee728b)  -> (artifact id: 'e86876996961e84f2f1ee7c4199efba4') in 0.016965 seconds 
========================================================================
Received Import Request.
  Time since last request: 3.182263 seconds.
  path: Assets/Prefab/Particle System.prefab
  artifactKey: Guid(9edfa63152a1b5c448735779e90ed5c0) Importer(815301076,1909f56bfc062723c751e8b465ee728b)
Start importing Assets/Prefab/Particle System.prefab using Guid(9edfa63152a1b5c448735779e90ed5c0) Importer(815301076,1909f56bfc062723c751e8b465ee728b)  -> (artifact id: '5e5853a8072cb595e4a2681fb4d092ee') in 0.007071 seconds 
========================================================================
Received Import Request.
  Time since last request: 1.816024 seconds.
  path: Assets/Prefab/Particle System.prefab
  artifactKey: Guid(9edfa63152a1b5c448735779e90ed5c0) Importer(815301076,1909f56bfc062723c751e8b465ee728b)
Start importing Assets/Prefab/Particle System.prefab using Guid(9edfa63152a1b5c448735779e90ed5c0) Importer(815301076,1909f56bfc062723c751e8b465ee728b)  -> (artifact id: '54cdbf19d0830fb6344806bce7d3a8a3') in 0.016299 seconds 
========================================================================
Received Prepare
Registering precompiled user dll's ...
Registered in 0.005417 seconds.
Begin MonoManager ReloadAssembly
Native extension for WindowsStandalone target not found
Refreshing native plugins compatible for Editor in 2.54 ms, found 2 plugins.
Preloading 0 native plugins for Editor in 0.00 ms.
Mono: successfully reloaded assembly
- Completed reload, in  6.263 seconds
Platform modules already initialized, skipping
Switching build target platform(19) subTarget(0) extendedPlatform(0) -> platform(13) subTarget(537395200) extendedPlatform(0)
Shader 'Universal Render Pipeline/Particles/Lit': fallback shader 'Universal Render Pipeline/Particles/SimpleLit' not found
Refreshing native plugins compatible for Editor in 3.08 ms, found 2 plugins.
Preloading 0 native plugins for Editor in 0.00 ms.
Unloading 4586 Unused Serialized files (Serialized files now loaded: 0)
System memory in use before: 201.4 MB.
System memory in use after: 201.7 MB.

Unloading 13 unused Assets to reduce memory usage. Loaded Objects now: 5425.
Total: 9.382000 ms (FindLiveObjects: 0.890800 ms CreateObjectMapping: 0.627900 ms MarkObjects: 7.808300 ms  DeleteObjects: 0.052200 ms)

AssetImportParameters requested are different than current active one (requested -> active):
  custom:graphics/normal-map-encoding: 01000000000000000000000000000000 -> 02000000000000000000000000000000
========================================================================
Received Import Request.
  Time since last request: 62.915404 seconds.
  path: Assets/Prefab/Particle System.prefab
  artifactKey: Guid(9edfa63152a1b5c448735779e90ed5c0) Importer(815301076,1909f56bfc062723c751e8b465ee728b)
Start importing Assets/Prefab/Particle System.prefab using Guid(9edfa63152a1b5c448735779e90ed5c0) Importer(815301076,1909f56bfc062723c751e8b465ee728b)  -> (artifact id: 'e7c2546308f02d861d2b1c2eb7c27a1d') in 0.121352 seconds 
========================================================================
Received Import Request.
  Time since last request: 98.389347 seconds.
  path: Assets/Prefab/Blood PS.prefab
  artifactKey: Guid(9edfa63152a1b5c448735779e90ed5c0) Importer(815301076,1909f56bfc062723c751e8b465ee728b)
Start importing Assets/Prefab/Blood PS.prefab using Guid(9edfa63152a1b5c448735779e90ed5c0) Importer(815301076,1909f56bfc062723c751e8b465ee728b)  -> (artifact id: '842fc6ca29ab2cc3863feabed0d3637b') in 0.009488 seconds 
AssetImportWorkerClient::OnTransportError - code=2 error=End of file
